#
# A fatal error has been detected by the Java Runtime Environment:
#
#  SIGBUS (0x7) at pc=0x0000003fb9a842ab, pid=29466, tid=139846008596224
#
# JRE version: 6.0_17-b04
# Java VM: Java HotSpot(TM) 64-Bit Server VM (14.3-b01 mixed mode linux-amd64 )
# Problematic frame:
# C  [libc.so.6+0x842ab]
#
# If you would like to submit a bug report, please visit:
#   http://java.sun.com/webapps/bugreport/crash.jsp
#

---------------  T H R E A D  ---------------

Current thread is native thread

siginfo:si_signo=SIGBUS: si_errno=0, si_code=2 (BUS_ADRERR), si_addr=0x00007f3085840000

Registers:
RAX=0x00007f308583a000, RBX=0x0000000000000006, RCX=0x0000000000000000, RDX=0x0000000000000000
RSP=0x00007f306faa50d8, RBP=0x00007f306faa5110, RSI=0x0000000000000000, RDI=0x00007f3085840000
R8 =0x0000000000001f80, R9 =0x0000000000140000, R10=0x0000000000000000, R11=0x0000003fb9a83daa
R12=0x00007f308583a000, R13=0x00007f306056bf70, R14=0x00007f306055d5a0, R15=0x0000000000008000
RIP=0x0000003fb9a842ab, EFL=0x0000000000010206, CSGSFS=0x0000000000000033, ERR=0x0000000000000006
  TRAPNO=0x000000000000000e

Top of Stack: (sp=0x00007f306faa50d8)
0x00007f306faa50d8:   00007f306e127b77 0000731a6e42fc48
0x00007f306faa50e8:   00007f306e4187b8 0000000000008000
0x00007f306faa50f8:   00007f306e42be00 00007f306e42fc50
0x00007f306faa5108:   00007f306e42fc48 00007f306faa5140
0x00007f306faa5118:   00007f306e127782 0000000000000020
0x00007f306faa5128:   0000000000008000 00007f306e42be28
0x00007f306faa5138:   00000000ffffffff 00007f306faa5160
0x00007f306faa5148:   00007f306e127384 00007f306e539ba0
0x00007f306faa5158:   00007f306faa5327 00007f306faa5170
0x00007f306faa5168:   00007f306e127277 00007f306faa5180
0x00007f306faa5178:   00007f306dedac72 00007f306faa5310
0x00007f306faa5188:   00007f306e1e2501 00007f306faa5320
0x00007f306faa5198:   000000000000000f 0000000000000009
0x00007f306faa51a8:   00007f306faa5880 00007f306faa52a0
0x00007f306faa51b8:   00007f306faa52d0 0000000000000000
0x00007f306faa51c8:   0000003fb960e206 00007f306faa66d8
0x00007f306faa51d8:   00007f306000cf30 00007f306000cf38
0x00007f306faa51e8:   00007f306000cf28 0000003fba2010b0
0x00007f306faa51f8:   00007f306faa5320 00007f306faa5230
0x00007f306faa5208:   0000000000000000 00007f30600e14e0
0x00007f306faa5218:   00007f306000cf20 4fa8ebd23b5243db
0x00007f306faa5228:   00007f306faa5320 000000000000000f
0x00007f306faa5238:   0000000000000009 00007f306faa5880
0x00007f306faa5248:   b1b740c6b99243db 4fa8ed53d9e443db
0x00007f306faa5258:   00007f3060547000 00007f3060579370
0x00007f306faa5268:   00007f3060544cc0 00007f3060547000
0x00007f306faa5278:   00007f3060579370 00007f3060544cc0
0x00007f306faa5288:   00007f30871966b0 00007f3060547000
0x00007f306faa5298:   00007f3060579370 ffffffffff010100
0x00007f306faa52a8:   0000000000000000 fffffffffffffff3
0x00007f306faa52b8:   00007f3084fefe00 00007f30871966b0
0x00007f306faa52c8:   00007f30604231f0 0000000000000001 

Instructions: (pc=0x0000003fb9a842ab)
0x0000003fb9a8429b:   64 0f 1f 40 00 4d 8d 40 80 49 81 f8 80 00 00 00
0x0000003fb9a842ab:   66 0f 7f 07 66 0f 7f 47 10 66 0f 7f 47 20 66 0f 

Stack: [0x00007f306f0a6000,0x00007f306faa7000],  sp=0x00007f306faa50d8,  free space=10236k
Native frames: (J=compiled Java code, j=interpreted, Vv=VM code, C=native code)
C  [libc.so.6+0x842ab]
V  [libjvm.so+0x5c4782]
V  [libjvm.so+0x5c4384]
V  [libjvm.so+0x5c4277]
V  [libjvm.so+0x377c72]
V  [libjvm.so+0x67f501]
V  [libjvm.so+0x3def30]
C  [libmwjmi.so+0x6e029]  _Z9InitSunVMN5boost8optionalIKSt6vectorISsSaISsEEEE+0x1129
C  [libmwjmi.so+0x6eb5f]
C  [libmwjmi.so+0x6eca9]
C  [libmwjmi.so+0x5ceb1]  _Z7mljInitv+0x21
C  [libmwmcr.so+0x106205]
C  [libmwmcr.so+0xf8bf4]
C  [libmwmcr.so+0xf8d97]


---------------  P R O C E S S  ---------------

VM state:not at safepoint (not fully initialized)

VM Mutex/Monitor currently owned by a thread: None

Dynamic libraries:
00400000-00406000 r-xp 00000000 08:07 4592555                            /opt/MATLAB_R2012a/bin/glnxa64/MATLAB
00606000-00607000 rw-p 00006000 08:07 4592555                            /opt/MATLAB_R2012a/bin/glnxa64/MATLAB
00ac0000-00c2c000 rw-p 00000000 00:00 0                                  [heap]
3fb9600000-3fb9620000 r-xp 00000000 08:07 8916932                        /lib64/ld-2.12.so
3fb981f000-3fb9820000 r--p 0001f000 08:07 8916932                        /lib64/ld-2.12.so
3fb9820000-3fb9821000 rw-p 00020000 08:07 8916932                        /lib64/ld-2.12.so
3fb9821000-3fb9822000 rw-p 00000000 00:00 0 
3fb9a00000-3fb9b8a000 r-xp 00000000 08:07 8917220                        /lib64/libc-2.12.so
3fb9b8a000-3fb9d8a000 ---p 0018a000 08:07 8917220                        /lib64/libc-2.12.so
3fb9d8a000-3fb9d8e000 r--p 0018a000 08:07 8917220                        /lib64/libc-2.12.so
3fb9d8e000-3fb9d8f000 rw-p 0018e000 08:07 8917220                        /lib64/libc-2.12.so
3fb9d8f000-3fb9d94000 rw-p 00000000 00:00 0 
3fb9e00000-3fb9e83000 r-xp 00000000 08:07 8929050                        /lib64/libm-2.12.so
3fb9e83000-3fba082000 ---p 00083000 08:07 8929050                        /lib64/libm-2.12.so
3fba082000-3fba083000 r--p 00082000 08:07 8929050                        /lib64/libm-2.12.so
3fba083000-3fba084000 rw-p 00083000 08:07 8929050                        /lib64/libm-2.12.so
3fba200000-3fba202000 r-xp 00000000 08:07 8918861                        /lib64/libdl-2.12.so
3fba202000-3fba402000 ---p 00002000 08:07 8918861                        /lib64/libdl-2.12.so
3fba402000-3fba403000 r--p 00002000 08:07 8918861                        /lib64/libdl-2.12.so
3fba403000-3fba404000 rw-p 00003000 08:07 8918861                        /lib64/libdl-2.12.so
3fba600000-3fba617000 r-xp 00000000 08:07 8929049                        /lib64/libpthread-2.12.so
3fba617000-3fba817000 ---p 00017000 08:07 8929049                        /lib64/libpthread-2.12.so
3fba817000-3fba818000 r--p 00017000 08:07 8929049                        /lib64/libpthread-2.12.so
3fba818000-3fba819000 rw-p 00018000 08:07 8929049                        /lib64/libpthread-2.12.so
3fba819000-3fba81d000 rw-p 00000000 00:00 0 
3fbaa00000-3fbaa15000 r-xp 00000000 08:07 8929182                        /lib64/libz.so.1.2.3
3fbaa15000-3fbac14000 ---p 00015000 08:07 8929182                        /lib64/libz.so.1.2.3
3fbac14000-3fbac15000 r--p 00014000 08:07 8929182                        /lib64/libz.so.1.2.3
3fbac15000-3fbac16000 rw-p 00015000 08:07 8929182                        /lib64/libz.so.1.2.3
3fbae00000-3fbae07000 r-xp 00000000 08:07 8929199                        /lib64/librt-2.12.so
3fbae07000-3fbb006000 ---p 00007000 08:07 8929199                        /lib64/librt-2.12.so
3fbb006000-3fbb007000 r--p 00006000 08:07 8929199                        /lib64/librt-2.12.so
3fbb007000-3fbb008000 rw-p 00007000 08:07 8929199                        /lib64/librt-2.12.so
3fbb600000-3fbb616000 r-xp 00000000 08:07 8929187                        /lib64/libresolv-2.12.so
3fbb616000-3fbb816000 ---p 00016000 08:07 8929187                        /lib64/libresolv-2.12.so
3fbb816000-3fbb817000 r--p 00016000 08:07 8929187                        /lib64/libresolv-2.12.so
3fbb817000-3fbb818000 rw-p 00017000 08:07 8929187                        /lib64/libresolv-2.12.so
3fbb818000-3fbb81a000 rw-p 00000000 00:00 0 
3fbc200000-3fbc202000 r-xp 00000000 08:07 8656705                        /usr/lib64/libXau.so.6.0.0
3fbc202000-3fbc402000 ---p 00002000 08:07 8656705                        /usr/lib64/libXau.so.6.0.0
3fbc402000-3fbc403000 rw-p 00002000 08:07 8656705                        /usr/lib64/libXau.so.6.0.0
3fbc600000-3fbc737000 r-xp 00000000 08:07 8658626                        /usr/lib64/libX11.so.6.3.0
3fbc737000-3fbc937000 ---p 00137000 08:07 8658626                        /usr/lib64/libX11.so.6.3.0
3fbc937000-3fbc93d000 rw-p 00137000 08:07 8658626                        /usr/lib64/libX11.so.6.3.0
3fbca00000-3fbca1d000 r-xp 00000000 08:07 8657315                        /usr/lib64/libxcb.so.1.1.0
3fbca1d000-3fbcc1d000 ---p 0001d000 08:07 8657315                        /usr/lib64/libxcb.so.1.1.0
3fbcc1d000-3fbcc1e000 rw-p 0001d000 08:07 8657315                        /usr/lib64/libxcb.so.1.1.0
3fbd600000-3fbd611000 r-xp 00000000 08:07 8658799                        /usr/lib64/libXext.so.6.4.0
3fbd611000-3fbd811000 ---p 00011000 08:07 8658799                        /usr/lib64/libXext.so.6.4.0
3fbd811000-3fbd812000 rw-p 00011000 08:07 8658799                        /usr/lib64/libXext.so.6.4.0
3fbe600000-3fbe609000 r-xp 00000000 08:07 8658124                        /usr/lib64/libXrender.so.1.3.0
3fbe609000-3fbe808000 ---p 00009000 08:07 8658124                        /usr/lib64/libXrender.so.1.3.0
3fbe808000-3fbe809000 rw-p 00008000 08:07 8658124                        /usr/lib64/libXrender.so.1.3.0
3fbf200000-3fbf205000 r-xp 00000000 08:07 8656137                        /usr/lib64/libXfixes.so.3.1.0
3fbf205000-3fbf404000 ---p 00005000 08:07 8656137                        /usr/lib64/libXfixes.so.3.1.0
3fbf404000-3fbf405000 rw-p 00004000 08:07 8656137                        /usr/lib64/libXfixes.so.3.1.0
3fc0200000-3fc0209000 r-xp 00000000 08:07 8656112                        /usr/lib64/libXcursor.so.1.0.2
3fc0209000-3fc0409000 ---p 00009000 08:07 8656112                        /usr/lib64/libXcursor.so.1.0.2
3fc0409000-3fc040a000 rw-p 00009000 08:07 8656112                        /usr/lib64/libXcursor.so.1.0.2
3fc0600000-3fc0618000 r-xp 00000000 08:07 8660411                        /usr/lib64/libXmu.so.6.2.0
3fc0618000-3fc0818000 ---p 00018000 08:07 8660411                        /usr/lib64/libXmu.so.6.2.0
3fc0818000-3fc081a000 rw-p 00018000 08:07 8660411                        /usr/lib64/libXmu.so.6.2.0
3fc0a00000-3fc0a04000 r-xp 00000000 08:07 8922725                        /lib64/libuuid.so.1.3.0
3fc0a04000-3fc0c03000 ---p 00004000 08:07 8922725                        /lib64/libuuid.so.1.3.0
3fc0c03000-3fc0c04000 rw-p 00003000 08:07 8922725                        /lib64/libuuid.so.1.3.0
3fc1200000-3fc1217000 r-xp 00000000 08:07 8656108                        /usr/lib64/libICE.so.6.3.0
3fc1217000-3fc1417000 ---p 00017000 08:07 8656108                        /usr/lib64/libICE.so.6.3.0
3fc1417000-3fc1418000 rw-p 00017000 08:07 8656108                        /usr/lib64/libICE.so.6.3.0
3fc1418000-3fc141c000 rw-p 00000000 00:00 0 
3fc1a00000-3fc1a07000 r-xp 00000000 08:07 8659445                        /usr/lib64/libSM.so.6.0.0
3fc1a07000-3fc1c07000 ---p 00007000 08:07 8659445                        /usr/lib64/libSM.so.6.0.0
3fc1c07000-3fc1c08000 rw-p 00007000 08:07 8659445                        /usr/lib64/libSM.so.6.0.0
3fc7600000-3fc7671000 r-xp 00000000 08:07 8929196                        /lib64/libfreebl3.so
3fc7671000-3fc7870000 ---p 00071000 08:07 8929196                        /lib64/libfreebl3.so
3fc7870000-3fc7872000 r--p 00070000 08:07 8929196                        /lib64/libfreebl3.so
3fc7872000-3fc7873000 rw-p 00072000 08:07 8929196                        /lib64/libfreebl3.so
3fc7873000-3fc7877000 rw-p 00000000 00:00 0 
3fc7a00000-3fc7a07000 r-xp 00000000 08:07 8929197                        /lib64/libcrypt-2.12.so
3fc7a07000-3fc7c07000 ---p 00007000 08:07 8929197                        /lib64/libcrypt-2.12.so
3fc7c07000-3fc7c08000 r--p 00007000 08:07 8929197                        /lib64/libcrypt-2.12.so
3fc7c08000-3fc7c09000 rw-p 00008000 08:07 8929197                        /lib64/libcrypt-2.12.so
3fc7c09000-3fc7c37000 rw-p 00000000 00:00 0 
3fc8600000-3fc8611000 r-xp 00000000 08:07 8662072                        /usr/lib64/libXpm.so.4.11.0
3fc8611000-3fc8810000 ---p 00011000 08:07 8662072                        /usr/lib64/libXpm.so.4.11.0
3fc8810000-3fc8811000 rw-p 00010000 08:07 8662072                        /usr/lib64/libXpm.so.4.11.0
3fc9600000-3fc961d000 r-xp 00000000 08:07 8929185                        /lib64/libtinfo.so.5.7
3fc961d000-3fc981d000 ---p 0001d000 08:07 8929185                        /lib64/libtinfo.so.5.7
3fc981d000-3fc9821000 rw-p 0001d000 08:07 8929185                        /lib64/libtinfo.so.5.7
3fcb400000-3fcb416000 r-xp 00000000 08:07 8929210                        /lib64/libnsl-2.12.so
3fcb416000-3fcb615000 ---p 00016000 08:07 8929210                        /lib64/libnsl-2.12.so
3fcb615000-3fcb616000 r--p 00015000 08:07 8929210                        /lib64/libnsl-2.12.so
3fcb616000-3fcb617000 rw-p 00016000 08:07 8929210                        /lib64/libnsl-2.12.so
3fcb617000-3fcb619000 rw-p 00000000 00:00 0 
3fcc200000-3fcc222000 r-xp 00000000 08:07 8916690                        /lib64/libncurses.so.5.7
3fcc222000-3fcc421000 ---p 00022000 08:07 8916690                        /lib64/libncurses.so.5.7
3fcc421000-3fcc422000 rw-p 00021000 08:07 8916690                        /lib64/libncurses.so.5.7
3fcde00000-3fcde5f000 r-xp 00000000 08:07 8660286                        /usr/lib64/libXt.so.6.0.0
3fcde5f000-3fce05e000 ---p 0005f000 08:07 8660286                        /usr/lib64/libXt.so.6.0.0
3fce05e000-3fce064000 rw-p 0005e000 08:07 8660286                        /usr/lib64/libXt.so.6.0.0
3fce064000-3fce065000 rw-p 00000000 00:00 0 
7f3058000000-7f3058021000 rw-p 00000000 00:00 0 
7f3058021000-7f305c000000 ---p 00000000 00:00 0 
7f305f5ff000-7f305f600000 ---p 00000000 00:00 0 
7f305f600000-7f3060000000 rwxp 00000000 00:00 0 
7f3060000000-7f30605bc000 rw-p 00000000 00:00 0 
7f30605bc000-7f3064000000 ---p 00000000 00:00 0 
7f3064000000-7f3064021000 rw-p 00000000 00:00 0 
7f3064021000-7f3068000000 ---p 00000000 00:00 0 
7f3068000000-7f3068021000 rw-p 00000000 00:00 0 
7f3068021000-7f306c000000 ---p 00000000 00:00 0 
7f306c4bd000-7f306c4c4000 r-xp 00000000 08:07 4852067                    /opt/MATLAB_R2012a/sys/java/jre/glnxa64/jre/lib/amd64/native_threads/libhpi.so
7f306c4c4000-7f306c5c5000 ---p 00007000 08:07 4852067                    /opt/MATLAB_R2012a/sys/java/jre/glnxa64/jre/lib/amd64/native_threads/libhpi.so
7f306c5c5000-7f306c5c7000 rw-p 00008000 08:07 4852067                    /opt/MATLAB_R2012a/sys/java/jre/glnxa64/jre/lib/amd64/native_threads/libhpi.so
7f306c5c7000-7f306c5c8000 rw-p 00000000 00:00 0 
7f306c5c8000-7f306c5c9000 ---p 00000000 00:00 0 
7f306c5c9000-7f306cfc9000 rwxp 00000000 00:00 0 
7f306cfc9000-7f306cfce000 r-xp 00000000 08:07 8916670                    /lib64/libnss_dns-2.12.so
7f306cfce000-7f306d1cd000 ---p 00005000 08:07 8916670                    /lib64/libnss_dns-2.12.so
7f306d1cd000-7f306d1ce000 r--p 00004000 08:07 8916670                    /lib64/libnss_dns-2.12.so
7f306d1ce000-7f306d1cf000 rw-p 00005000 08:07 8916670                    /lib64/libnss_dns-2.12.so
7f306d1cf000-7f306d84d000 r--s 00000000 08:02 655960                     /var/lib/sss/mc/passwd
7f306d84d000-7f306d854000 r-xp 00000000 08:07 8920696                    /lib64/libnss_sss.so.2
7f306d854000-7f306da53000 ---p 00007000 08:07 8920696                    /lib64/libnss_sss.so.2
7f306da53000-7f306da54000 rw-p 00006000 08:07 8920696                    /lib64/libnss_sss.so.2
7f306da54000-7f306da61000 r-xp 00000000 08:07 4852063                    /opt/MATLAB_R2012a/sys/java/jre/glnxa64/jre/lib/amd64/libverify.so
7f306da61000-7f306db60000 ---p 0000d000 08:07 4852063                    /opt/MATLAB_R2012a/sys/java/jre/glnxa64/jre/lib/amd64/libverify.so
7f306db60000-7f306db63000 rw-p 0000c000 08:07 4852063                    /opt/MATLAB_R2012a/sys/java/jre/glnxa64/jre/lib/amd64/libverify.so
7f306db63000-7f306e2c1000 r-xp 00000000 08:07 4852072                    /opt/MATLAB_R2012a/sys/java/jre/glnxa64/jre/lib/amd64/server/libjvm.so
7f306e2c1000-7f306e3c0000 ---p 0075e000 08:07 4852072                    /opt/MATLAB_R2012a/sys/java/jre/glnxa64/jre/lib/amd64/server/libjvm.so
7f306e3c0000-7f306e538000 rw-p 0075d000 08:07 4852072                    /opt/MATLAB_R2012a/sys/java/jre/glnxa64/jre/lib/amd64/server/libjvm.so
7f306e538000-7f306e576000 rw-p 00000000 00:00 0 
7f306e576000-7f306e59f000 r-xp 00000000 08:07 4852043                    /opt/MATLAB_R2012a/sys/java/jre/glnxa64/jre/lib/amd64/libjava.so
7f306e59f000-7f306e69e000 ---p 00029000 08:07 4852043                    /opt/MATLAB_R2012a/sys/java/jre/glnxa64/jre/lib/amd64/libjava.so
7f306e69e000-7f306e6a5000 rw-p 00028000 08:07 4852043                    /opt/MATLAB_R2012a/sys/java/jre/glnxa64/jre/lib/amd64/libjava.so
7f306e6a5000-7f306e6a6000 ---p 00000000 00:00 0 
7f306e6a6000-7f306f0a6000 rwxp 00000000 00:00 0 
7f306f0a6000-7f306f0a7000 ---p 00000000 00:00 0 
7f306f0a7000-7f306faa7000 rwxp 00000000 00:00 0 
7f306faa7000-7f306fab3000 r-xp 00000000 08:07 8929012                    /lib64/libnss_files-2.12.so
7f306fab3000-7f306fcb3000 ---p 0000c000 08:07 8929012                    /lib64/libnss_files-2.12.so
7f306fcb3000-7f306fcb4000 r--p 0000c000 08:07 8929012                    /lib64/libnss_files-2.12.so
7f306fcb4000-7f306fcb5000 rw-p 0000d000 08:07 8929012                    /lib64/libnss_files-2.12.so
7f306fcd8000-7f306fdf8000 rw-p 00000000 00:00 0 
7f306fdf8000-7f306fdf9000 ---p 00000000 00:00 0 
7f306fdf9000-7f30705c9000 rwxp 00000000 00:00 0 
7f30705c9000-7f30705cb000 r-xp 00000000 08:07 4597385                    /opt/MATLAB_R2012a/bin/glnxa64/mklcompat.so
7f30705cb000-7f30707ca000 ---p 00002000 08:07 4597385                    /opt/MATLAB_R2012a/bin/glnxa64/mklcompat.so
7f30707ca000-7f30707cb000 rw-p 00001000 08:07 4597385                    /opt/MATLAB_R2012a/bin/glnxa64/mklcompat.so
7f30707cb000-7f307088a000 r-xp 00000000 08:07 4853355                    /opt/MATLAB_R2012a/sys/os/glnxa64/libiomp5.so
7f307088a000-7f3070a89000 ---p 000bf000 08:07 4853355                    /opt/MATLAB_R2012a/sys/os/glnxa64/libiomp5.so
7f3070a89000-7f3070a92000 rw-p 000be000 08:07 4853355                    /opt/MATLAB_R2012a/sys/os/glnxa64/libiomp5.so
7f3070a92000-7f3070a99000 rw-p 00000000 00:00 0 
7f3070a99000-7f3072924000 r-xp 00000000 08:07 4593128                    /opt/MATLAB_R2012a/bin/glnxa64/mkl.so
7f3072924000-7f3072b24000 ---p 01e8b000 08:07 4593128                    /opt/MATLAB_R2012a/bin/glnxa64/mkl.so
7f3072b24000-7f3072b66000 rw-p 01e8b000 08:07 4593128                    /opt/MATLAB_R2012a/bin/glnxa64/mkl.so
7f3072b66000-7f3072b6b000 rw-p 00000000 00:00 0 
7f3072b6b000-7f30789fc000 r--p 00000000 08:07 8668444                    /usr/lib/locale/locale-archive
7f30789fc000-7f3078a04000 rw-p 00000000 00:00 0 
7f3078a04000-7f3078a0a000 r-xp 00000000 08:07 4592819                    /opt/MATLAB_R2012a/bin/glnxa64/libmwcolamd.so
7f3078a0a000-7f3078c09000 ---p 00006000 08:07 4592819                    /opt/MATLAB_R2012a/bin/glnxa64/libmwcolamd.so
7f3078c09000-7f3078c0a000 rw-p 00005000 08:07 4592819                    /opt/MATLAB_R2012a/bin/glnxa64/libmwcolamd.so
7f3078c0a000-7f3078c12000 r-xp 00000000 08:07 4592791                    /opt/MATLAB_R2012a/bin/glnxa64/libmwamd.so
7f3078c12000-7f3078e11000 ---p 00008000 08:07 4592791                    /opt/MATLAB_R2012a/bin/glnxa64/libmwamd.so
7f3078e11000-7f3078e12000 rw-p 00007000 08:07 4592791                    /opt/MATLAB_R2012a/bin/glnxa64/libmwamd.so
7f3078e12000-7f3078e13000 rw-p 00000000 00:00 0 
7f3078e13000-7f3078e55000 r-xp 00000000 08:07 4592816                    /opt/MATLAB_R2012a/bin/glnxa64/libmwcholmod.so
7f3078e55000-7f3079055000 ---p 00042000 08:07 4592816                    /opt/MATLAB_R2012a/bin/glnxa64/libmwcholmod.so
7f3079055000-7f3079056000 rw-p 00042000 08:07 4592816                    /opt/MATLAB_R2012a/bin/glnxa64/libmwcholmod.so
7f3079056000-7f3079057000 rw-p 00000000 00:00 0 
7f3079057000-7f3079069000 r-xp 00000000 08:07 4592799                    /opt/MATLAB_R2012a/bin/glnxa64/libmwblas.so
7f3079069000-7f3079268000 ---p 00012000 08:07 4592799                    /opt/MATLAB_R2012a/bin/glnxa64/libmwblas.so
7f3079268000-7f307926a000 rw-p 00011000 08:07 4592799                    /opt/MATLAB_R2012a/bin/glnxa64/libmwblas.so
7f307926a000-7f307926c000 rw-p 00000000 00:00 0 
7f307926c000-7f3079270000 r-xp 00000000 08:07 4592960                    /opt/MATLAB_R2012a/bin/glnxa64/libmwompwrapper.so
7f3079270000-7f307946f000 ---p 00004000 08:07 4592960                    /opt/MATLAB_R2012a/bin/glnxa64/libmwompwrapper.so
7f307946f000-7f3079470000 rw-p 00003000 08:07 4592960                    /opt/MATLAB_R2012a/bin/glnxa64/libmwompwrapper.so
7f3079470000-7f3079479000 r-xp 00000000 08:07 4592797                    /opt/MATLAB_R2012a/bin/glnxa64/libmwbinder.so
7f3079479000-7f3079678000 ---p 00009000 08:07 4592797                    /opt/MATLAB_R2012a/bin/glnxa64/libmwbinder.so
7f3079678000-7f3079679000 rw-p 00008000 08:07 4592797                    /opt/MATLAB_R2012a/bin/glnxa64/libmwbinder.so
7f3079679000-7f307967a000 rw-p 00000000 00:00 0 
7f307967a000-7f307973d000 r-xp 00000000 08:07 4592922                    /opt/MATLAB_R2012a/bin/glnxa64/libmwmathcore.so
7f307973d000-7f307993c000 ---p 000c3000 08:07 4592922                    /opt/MATLAB_R2012a/bin/glnxa64/libmwmathcore.so
7f307993c000-7f3079941000 rw-p 000c2000 08:07 4592922                    /opt/MATLAB_R2012a/bin/glnxa64/libmwmathcore.so
7f3079941000-7f3079942000 rw-p 00000000 00:00 0 
7f3079942000-7f3079bc7000 r-xp 00000000 08:07 4592699                    /opt/MATLAB_R2012a/bin/glnxa64/libhdf5.so.6.0.5
7f3079bc7000-7f3079dc7000 ---p 00285000 08:07 4592699                    /opt/MATLAB_R2012a/bin/glnxa64/libhdf5.so.6.0.5
7f3079dc7000-7f3079dd2000 rw-p 00285000 08:07 4592699                    /opt/MATLAB_R2012a/bin/glnxa64/libhdf5.so.6.0.5
7f3079dd2000-7f3079dd3000 rw-p 00000000 00:00 0 
7f3079dd3000-7f3079dee000 r-xp 00000000 08:07 4592701                    /opt/MATLAB_R2012a/bin/glnxa64/libhdf5_hl.so.6.0.5
7f3079dee000-7f3079fed000 ---p 0001b000 08:07 4592701                    /opt/MATLAB_R2012a/bin/glnxa64/libhdf5_hl.so.6.0.5
7f3079fed000-7f3079fee000 rw-p 0001a000 08:07 4592701                    /opt/MATLAB_R2012a/bin/glnxa64/libhdf5_hl.so.6.0.5
7f3079fee000-7f307a001000 rw-p 00000000 00:00 0 
7f307a001000-7f307a282000 r-xp 00000000 08:07 4853347                    /opt/MATLAB_R2012a/sys/os/glnxa64/libXm.so.3.0.2
7f307a282000-7f307a482000 ---p 00281000 08:07 4853347                    /opt/MATLAB_R2012a/sys/os/glnxa64/libXm.so.3.0.2
7f307a482000-7f307a4ac000 rw-p 00281000 08:07 4853347                    /opt/MATLAB_R2012a/sys/os/glnxa64/libXm.so.3.0.2
7f307a4ac000-7f307a4ad000 rw-p 00000000 00:00 0 
7f307a4ad000-7f307a4ba000 r-xp 00000000 08:07 4597322                    /opt/MATLAB_R2012a/bin/glnxa64/libmwgbt.so
7f307a4ba000-7f307a6ba000 ---p 0000d000 08:07 4597322                    /opt/MATLAB_R2012a/bin/glnxa64/libmwgbt.so
7f307a6ba000-7f307a6bb000 rw-p 0000d000 08:07 4597322                    /opt/MATLAB_R2012a/bin/glnxa64/libmwgbt.so
7f307a6bb000-7f307a6bc000 rw-p 00000000 00:00 0 
7f307a6bc000-7f307a6ed000 r-xp 00000000 08:07 4597323                    /opt/MATLAB_R2012a/bin/glnxa64/libmwgbtutils.so
7f307a6ed000-7f307a8ec000 ---p 00031000 08:07 4597323                    /opt/MATLAB_R2012a/bin/glnxa64/libmwgbtutils.so
7f307a8ec000-7f307a8f2000 rw-p 00030000 08:07 4597323                    /opt/MATLAB_R2012a/bin/glnxa64/libmwgbtutils.so
7f307a8f2000-7f307a9a3000 r-xp 00000000 08:07 4592907                    /opt/MATLAB_R2012a/bin/glnxa64/libmwlapack.so
7f307a9a3000-7f307aba2000 ---p 000b1000 08:07 4592907                    /opt/MATLAB_R2012a/bin/glnxa64/libmwlapack.so
7f307aba2000-7f307abac000 rw-p 000b0000 08:07 4592907                    /opt/MATLAB_R2012a/bin/glnxa64/libmwlapack.so
7f307abac000-7f307adfc000 r-xp 00000000 08:07 4597329                    /opt/MATLAB_R2012a/bin/glnxa64/libmwhgdatatypes.so
7f307adfc000-7f307affb000 ---p 00250000 08:07 4597329                    /opt/MATLAB_R2012a/bin/glnxa64/libmwhgdatatypes.so
7f307affb000-7f307b018000 rw-p 0024f000 08:07 4597329                    /opt/MATLAB_R2012a/bin/glnxa64/libmwhgdatatypes.so
7f307b018000-7f307b01a000 rw-p 00000000 00:00 0 
7f307b01a000-7f307b04b000 r-xp 00000000 08:07 4592888                    /opt/MATLAB_R2012a/bin/glnxa64/libmwhardcopy.so
7f307b04b000-7f307b24a000 ---p 00031000 08:07 4592888                    /opt/MATLAB_R2012a/bin/glnxa64/libmwhardcopy.so
7f307b24a000-7f307b24d000 rw-p 00030000 08:07 4592888                    /opt/MATLAB_R2012a/bin/glnxa64/libmwhardcopy.so
7f307b24d000-7f307b25d000 r-xp 00000000 08:07 4592885                    /opt/MATLAB_R2012a/bin/glnxa64/libmwgraphics_util.so
7f307b25d000-7f307b45c000 ---p 00010000 08:07 4592885                    /opt/MATLAB_R2012a/bin/glnxa64/libmwgraphics_util.so
7f307b45c000-7f307b45e000 rw-p 0000f000 08:07 4592885                    /opt/MATLAB_R2012a/bin/glnxa64/libmwgraphics_util.so
7f307b45e000-7f307b45f000 rw-p 00000000 00:00 0 
7f307b45f000-7f307b474000 r-xp 00000000 08:07 4592904                    /opt/MATLAB_R2012a/bin/glnxa64/libmwir_xfmr.so
7f307b474000-7f307b674000 ---p 00015000 08:07 4592904                    /opt/MATLAB_R2012a/bin/glnxa64/libmwir_xfmr.so
7f307b674000-7f307b675000 rw-p 00015000 08:07 4592904                    /opt/MATLAB_R2012a/bin/glnxa64/libmwir_xfmr.so
7f307b675000-7f307b677000 rw-p 00000000 00:00 0 
7f307b677000-7f307b6e2000 r-xp 00000000 08:07 4593019                    /opt/MATLAB_R2012a/bin/glnxa64/libmwspmatrix.so
7f307b6e2000-7f307b8e2000 ---p 0006b000 08:07 4593019                    /opt/MATLAB_R2012a/bin/glnxa64/libmwspmatrix.so
7f307b8e2000-7f307b8e3000 rw-p 0006b000 08:07 4593019                    /opt/MATLAB_R2012a/bin/glnxa64/libmwspmatrix.so
7f307b8e3000-7f307b8e4000 rw-p 00000000 00:00 0 
7f307b8e4000-7f307b909000 r-xp 00000000 08:07 4597340                    /opt/MATLAB_R2012a/bin/glnxa64/libmwm_pcodegen.so
7f307b909000-7f307bb09000 ---p 00025000 08:07 4597340                    /opt/MATLAB_R2012a/bin/glnxa64/libmwm_pcodegen.so
7f307bb09000-7f307bb0b000 rw-p 00025000 08:07 4597340                    /opt/MATLAB_R2012a/bin/glnxa64/libmwm_pcodegen.so
7f307bb0b000-7f307bb24000 r-xp 00000000 08:07 4597341                    /opt/MATLAB_R2012a/bin/glnxa64/libmwm_pcodeio.so
7f307bb24000-7f307bd23000 ---p 00019000 08:07 4597341                    /opt/MATLAB_R2012a/bin/glnxa64/libmwm_pcodeio.so
7f307bd23000-7f307bd25000 rw-p 00018000 08:07 4597341                    /opt/MATLAB_R2012a/bin/glnxa64/libmwm_pcodeio.so
7f307bd25000-7f307bd35000 r-xp 00000000 08:07 4592941                    /opt/MATLAB_R2012a/bin/glnxa64/libmwmlib.so
7f307bd35000-7f307bf35000 ---p 00010000 08:07 4592941                    /opt/MATLAB_R2012a/bin/glnxa64/libmwmlib.so
7f307bf35000-7f307bf37000 rw-p 00010000 08:07 4592941                    /opt/MATLAB_R2012a/bin/glnxa64/libmwmlib.so
7f307bf37000-7f307bf38000 rw-p 00000000 00:00 0 
7f307bf38000-7f307bf61000 r-xp 00000000 08:07 4597346                    /opt/MATLAB_R2012a/bin/glnxa64/libmwmathrng.so
7f307bf61000-7f307c160000 ---p 00029000 08:07 4597346                    /opt/MATLAB_R2012a/bin/glnxa64/libmwmathrng.so
7f307c160000-7f307c162000 rw-p 00028000 08:07 4597346                    /opt/MATLAB_R2012a/bin/glnxa64/libmwmathrng.so
7f307c162000-7f307c164000 rw-p 00000000 00:00 0 
7f307c164000-7f307c219000 r-xp 00000000 08:07 4592928                    /opt/MATLAB_R2012a/bin/glnxa64/libmwmathutil.so
7f307c219000-7f307c418000 ---p 000b5000 08:07 4592928                    /opt/MATLAB_R2012a/bin/glnxa64/libmwmathutil.so
7f307c418000-7f307c419000 rw-p 000b4000 08:07 4592928                    /opt/MATLAB_R2012a/bin/glnxa64/libmwmathutil.so
7f307c419000-7f307c455000 r-xp 00000000 08:07 4592970                    /opt/MATLAB_R2012a/bin/glnxa64/libmwprofiler.so
7f307c455000-7f307c654000 ---p 0003c000 08:07 4592970                    /opt/MATLAB_R2012a/bin/glnxa64/libmwprofiler.so
7f307c654000-7f307c657000 rw-p 0003b000 08:07 4592970                    /opt/MATLAB_R2012a/bin/glnxa64/libmwprofiler.so
7f307c657000-7f307c658000 rw-p 00000000 00:00 0 
7f307c658000-7f307c6a2000 r-xp 00000000 08:07 4592750                    /opt/MATLAB_R2012a/bin/glnxa64/libmat.so
7f307c6a2000-7f307c8a2000 ---p 0004a000 08:07 4592750                    /opt/MATLAB_R2012a/bin/glnxa64/libmat.so
7f307c8a2000-7f307c8a6000 rw-p 0004a000 08:07 4592750                    /opt/MATLAB_R2012a/bin/glnxa64/libmat.so
7f307c8a6000-7f307cc5e000 r-xp 00000000 08:07 4593124                    /opt/MATLAB_R2012a/bin/glnxa64/libxerces-c.so.27.0
7f307cc5e000-7f307ce5d000 ---p 003b8000 08:07 4593124                    /opt/MATLAB_R2012a/bin/glnxa64/libxerces-c.so.27.0
7f307ce5d000-7f307cea1000 rw-p 003b7000 08:07 4593124                    /opt/MATLAB_R2012a/bin/glnxa64/libxerces-c.so.27.0
7f307cea1000-7f307cea3000 rw-p 00000000 00:00 0 
7f307cea3000-7f307cf15000 r-xp 00000000 08:07 4593042                    /opt/MATLAB_R2012a/bin/glnxa64/libmwxmlcore.so
7f307cf15000-7f307d114000 ---p 00072000 08:07 4593042                    /opt/MATLAB_R2012a/bin/glnxa64/libmwxmlcore.so
7f307d114000-7f307d11c000 rw-p 00071000 08:07 4593042                    /opt/MATLAB_R2012a/bin/glnxa64/libmwxmlcore.so
7f307d11c000-7f307d11d000 rw-p 00000000 00:00 0 
7f307d11d000-7f307d132000 r-xp 00000000 08:07 4592655                    /opt/MATLAB_R2012a/bin/glnxa64/libboost_iostreams.so.1.44.0
7f307d132000-7f307d332000 ---p 00015000 08:07 4592655                    /opt/MATLAB_R2012a/bin/glnxa64/libboost_iostreams.so.1.44.0
7f307d332000-7f307d334000 rw-p 00015000 08:07 4592655                    /opt/MATLAB_R2012a/bin/glnxa64/libboost_iostreams.so.1.44.0
7f307d334000-7f307d335000 rw-p 00000000 00:00 0 
7f307d335000-7f307d4ab000 r-xp 00000000 08:07 4597368                    /opt/MATLAB_R2012a/bin/glnxa64/libmwuix.so
7f307d4ab000-7f307d6ab000 ---p 00176000 08:07 4597368                    /opt/MATLAB_R2012a/bin/glnxa64/libmwuix.so
7f307d6ab000-7f307d6c0000 rw-p 00176000 08:07 4597368                    /opt/MATLAB_R2012a/bin/glnxa64/libmwuix.so
7f307d6c0000-7f307d6c5000 rw-p 00000000 00:00 0 
7f307d6c5000-7f307d725000 r-xp 00000000 08:07 4597338                    /opt/MATLAB_R2012a/bin/glnxa64/libmwm_ir.so
7f307d725000-7f307d924000 ---p 00060000 08:07 4597338                    /opt/MATLAB_R2012a/bin/glnxa64/libmwm_ir.so
7f307d924000-7f307d92d000 rw-p 0005f000 08:07 4597338                    /opt/MATLAB_R2012a/bin/glnxa64/libmwm_ir.so
7f307d92d000-7f307d932000 r-xp 00000000 08:07 4597367                    /opt/MATLAB_R2012a/bin/glnxa64/libmwuinone.so
7f307d932000-7f307db32000 ---p 00005000 08:07 4597367                    /opt/MATLAB_R2012a/bin/glnxa64/libmwuinone.so
7f307db32000-7f307db33000 rw-p 00005000 08:07 4597367                    /opt/MATLAB_R2012a/bin/glnxa64/libmwuinone.so
7f307db33000-7f307db34000 rw-p 00000000 00:00 0 
7f307db34000-7f307dbdd000 r-xp 00000000 08:07 4597366                    /opt/MATLAB_R2012a/bin/glnxa64/libmwudd_mi.so
7f307dbdd000-7f307dddd000 ---p 000a9000 08:07 4597366                    /opt/MATLAB_R2012a/bin/glnxa64/libmwudd_mi.so
7f307dddd000-7f307dde9000 rw-p 000a9000 08:07 4597366                    /opt/MATLAB_R2012a/bin/glnxa64/libmwudd_mi.so
7f307dde9000-7f307ddea000 rw-p 00000000 00:00 0 
7f307ddea000-7f307de2f000 r-xp 00000000 08:07 4593121                    /opt/MATLAB_R2012a/bin/glnxa64/libuij.so
7f307de2f000-7f307e02f000 ---p 00045000 08:07 4593121                    /opt/MATLAB_R2012a/bin/glnxa64/libuij.so
7f307e02f000-7f307e032000 rw-p 00045000 08:07 4593121                    /opt/MATLAB_R2012a/bin/glnxa64/libuij.so
7f307e032000-7f307e14b000 r-xp 00000000 08:07 4592895                    /opt/MATLAB_R2012a/bin/glnxa64/libmwhgutils.so
7f307e14b000-7f307e34a000 ---p 00119000 08:07 4592895                    /opt/MATLAB_R2012a/bin/glnxa64/libmwhgutils.so
7f307e34a000-7f307e360000 rw-p 00118000 08:07 4592895                    /opt/MATLAB_R2012a/bin/glnxa64/libmwhgutils.so
7f307e360000-7f307e361000 rw-p 00000000 00:00 0 
7f307e361000-7f307f0c0000 r-xp 00000000 08:07 4592891                    /opt/MATLAB_R2012a/bin/glnxa64/libmwhg.so
7f307f0c0000-7f307f2bf000 ---p 00d5f000 08:07 4592891                    /opt/MATLAB_R2012a/bin/glnxa64/libmwhg.so
7f307f2bf000-7f307f3d5000 rw-p 00d5e000 08:07 4592891                    /opt/MATLAB_R2012a/bin/glnxa64/libmwhg.so
7f307f3d5000-7f307f3e2000 rw-p 00000000 00:00 0 
7f307f3e2000-7f307f4f4000 r-xp 00000000 08:07 4597325                    /opt/MATLAB_R2012a/bin/glnxa64/libmwgui.so
7f307f4f4000-7f307f6f3000 ---p 00112000 08:07 4597325                    /opt/MATLAB_R2012a/bin/glnxa64/libmwgui.so
7f307f6f3000-7f307f72f000 rw-p 00111000 08:07 4597325                    /opt/MATLAB_R2012a/bin/glnxa64/libmwgui.so
7f307f72f000-7f307f730000 rw-p 00000000 00:00 0 
7f307f730000-7f307f99f000 r-xp 00000000 08:07 4592935                    /opt/MATLAB_R2012a/bin/glnxa64/libmwmcos.so
7f307f99f000-7f307fb9f000 ---p 0026f000 08:07 4592935                    /opt/MATLAB_R2012a/bin/glnxa64/libmwmcos.so
7f307fb9f000-7f307fbc9000 rw-p 0026f000 08:07 4592935                    /opt/MATLAB_R2012a/bin/glnxa64/libmwmcos.so
7f307fbc9000-7f307fbca000 rw-p 00000000 00:00 0 
7f307fbca000-7f307fbd1000 r-xp 00000000 08:07 4592952                    /opt/MATLAB_R2012a/bin/glnxa64/libmwmtok.so
7f307fbd1000-7f307fdd1000 ---p 00007000 08:07 4592952                    /opt/MATLAB_R2012a/bin/glnxa64/libmwmtok.so
7f307fdd1000-7f307fdd2000 rw-p 00007000 08:07 4592952                    /opt/MATLAB_R2012a/bin/glnxa64/libmwmtok.so
7f307fdd2000-7f307fe57000 r-xp 00000000 08:07 4597353                    /opt/MATLAB_R2012a/bin/glnxa64/libmwmlint.so
7f307fe57000-7f3080056000 ---p 00085000 08:07 4597353                    /opt/MATLAB_R2012a/bin/glnxa64/libmwmlint.so
7f3080056000-7f308005e000 rw-p 00084000 08:07 4597353                    /opt/MATLAB_R2012a/bin/glnxa64/libmwmlint.so
7f308005e000-7f3080060000 rw-p 00000000 00:00 0 
7f3080060000-7f3080144000 r-xp 00000000 08:07 4593035                    /opt/MATLAB_R2012a/bin/glnxa64/libmwudd.so
7f3080144000-7f3080344000 ---p 000e4000 08:07 4593035                    /opt/MATLAB_R2012a/bin/glnxa64/libmwudd.so
7f3080344000-7f308035b000 rw-p 000e4000 08:07 4593035                    /opt/MATLAB_R2012a/bin/glnxa64/libmwudd.so
7f308035b000-7f308035e000 rw-p 00000000 00:00 0 
7f308035e000-7f30805ca000 r-xp 00000000 08:07 4597339                    /opt/MATLAB_R2012a/bin/glnxa64/libmwm_parser.so
7f30805ca000-7f30807ca000 ---p 0026c000 08:07 4597339                    /opt/MATLAB_R2012a/bin/glnxa64/libmwm_parser.so
7f30807ca000-7f3080c6c000 rw-p 0026c000 08:07 4597339                    /opt/MATLAB_R2012a/bin/glnxa64/libmwm_parser.so
7f3080c6c000-7f3080c8c000 r-xp 00000000 08:07 4597309                    /opt/MATLAB_R2012a/bin/glnxa64/libmex.so
7f3080c8c000-7f3080e8c000 ---p 00020000 08:07 4597309                    /opt/MATLAB_R2012a/bin/glnxa64/libmex.so
7f3080e8c000-7f3080e8e000 rw-p 00020000 08:07 4597309                    /opt/MATLAB_R2012a/bin/glnxa64/libmex.so
7f3080e8e000-7f3080e8f000 rw-p 00000000 00:00 0 
7f3080e8f000-7f3080e90000 r-xp 00000000 08:07 4592957                    /opt/MATLAB_R2012a/bin/glnxa64/libmwnativejava_services.so
7f3080e90000-7f3081090000 ---p 00001000 08:07 4592957                    /opt/MATLAB_R2012a/bin/glnxa64/libmwnativejava_services.so
7f3081090000-7f3081091000 rw-p 00001000 08:07 4592957                    /opt/MATLAB_R2012a/bin/glnxa64/libmwnativejava_services.so
7f3081091000-7f30813de000 r-xp 00000000 08:07 4592902                    /opt/MATLAB_R2012a/bin/glnxa64/libmwiqm.so
7f30813de000-7f30815dd000 ---p 0034d000 08:07 4592902                    /opt/MATLAB_R2012a/bin/glnxa64/libmwiqm.so
7f30815dd000-7f3081603000 rw-p 0034c000 08:07 4592902                    /opt/MATLAB_R2012a/bin/glnxa64/libmwiqm.so
7f3081603000-7f308160a000 rw-p 00000000 00:00 0 
7f308160a000-7f3081679000 r-xp 00000000 08:07 4597296                    /opt/MATLAB_R2012a/bin/glnxa64/libboost_serialization.so.1.44.0
7f3081679000-7f3081879000 ---p 0006f000 08:07 4597296                    /opt/MATLAB_R2012a/bin/glnxa64/libboost_serialization.so.1.44.0
7f3081879000-7f308187d000 rw-p 0006f000 08:07 4597296                    /opt/MATLAB_R2012a/bin/glnxa64/libboost_serialization.so.1.44.0
7f308187d000-7f3081890000 r-xp 00000000 08:07 4597311                    /opt/MATLAB_R2012a/bin/glnxa64/libmwMATLAB_settings_res.so
7f3081890000-7f3081a8f000 ---p 00013000 08:07 4597311                    /opt/MATLAB_R2012a/bin/glnxa64/libmwMATLAB_settings_res.so
7f3081a8f000-7f3081a90000 rw-p 00012000 08:07 4597311                    /opt/MATLAB_R2012a/bin/glnxa64/libmwMATLAB_settings_res.so
7f3081a90000-7f3081a91000 rw-p 00000000 00:00 0 
7f3081a91000-7f3081aa2000 r-xp 00000000 08:07 4592939                    /opt/MATLAB_R2012a/bin/glnxa64/libmwmfl_scalar.so
7f3081aa2000-7f3081ca1000 ---p 00011000 08:07 4592939                    /opt/MATLAB_R2012a/bin/glnxa64/libmwmfl_scalar.so
7f3081ca1000-7f3081ca2000 rw-p 00010000 08:07 4592939                    /opt/MATLAB_R2012a/bin/glnxa64/libmwmfl_scalar.so
7f3081ca2000-7f3082128000 r-xp 00000000 08:07 4597354                    /opt/MATLAB_R2012a/bin/glnxa64/libmwmlutil.so
7f3082128000-7f3082327000 ---p 00486000 08:07 4597354                    /opt/MATLAB_R2012a/bin/glnxa64/libmwmlutil.so
7f3082327000-7f3082354000 rw-p 00485000 08:07 4597354                    /opt/MATLAB_R2012a/bin/glnxa64/libmwmlutil.so
7f3082354000-7f3082362000 rw-p 00000000 00:00 0 
7f3082362000-7f3082375000 r-xp 00000000 08:07 4597297                    /opt/MATLAB_R2012a/bin/glnxa64/libboost_signals.so.1.44.0
7f3082375000-7f3082574000 ---p 00013000 08:07 4597297                    /opt/MATLAB_R2012a/bin/glnxa64/libboost_signals.so.1.44.0
7f3082574000-7f3082575000 rw-p 00012000 08:07 4597297                    /opt/MATLAB_R2012a/bin/glnxa64/libboost_signals.so.1.44.0
7f3082575000-7f308267b000 r-xp 00000000 08:07 4592663                    /opt/MATLAB_R2012a/bin/glnxa64/libboost_regex.so.1.44.0
7f308267b000-7f308287b000 ---p 00106000 08:07 4592663                    /opt/MATLAB_R2012a/bin/glnxa64/libboost_regex.so.1.44.0
7f308287b000-7f3082882000 rw-p 00106000 08:07 4592663                    /opt/MATLAB_R2012a/bin/glnxa64/libboost_regex.so.1.44.0
7f3082882000-7f30828a3000 r-xp 00000000 08:07 4597293                    /opt/MATLAB_R2012a/bin/glnxa64/libboost_filesystem.so.1.44.0
7f30828a3000-7f3082aa2000 ---p 00021000 08:07 4597293                    /opt/MATLAB_R2012a/bin/glnxa64/libboost_filesystem.so.1.44.0
7f3082aa2000-7f3082aa4000 rw-p 00020000 08:07 4597293                    /opt/MATLAB_R2012a/bin/glnxa64/libboost_filesystem.so.1.44.0
7f3082aa4000-7f3082aa5000 rw-p 00000000 00:00 0 
7f3082aa5000-7f3082d95000 r-xp 00000000 08:07 4592770                    /opt/MATLAB_R2012a/bin/glnxa64/libmwMATLAB_res.so
7f3082d95000-7f3082f94000 ---p 002f0000 08:07 4592770                    /opt/MATLAB_R2012a/bin/glnxa64/libmwMATLAB_res.so
7f3082f94000-7f3082f96000 rw-p 002ef000 08:07 4592770                    /opt/MATLAB_R2012a/bin/glnxa64/libmwMATLAB_res.so
7f3082f96000-7f3082fa1000 rw-p 00000000 00:00 0 
7f3082fa1000-7f3082fa3000 r-xp 00000000 08:07 4592972                    /opt/MATLAB_R2012a/bin/glnxa64/libmwresource_core.so
7f3082fa3000-7f30831a2000 ---p 00002000 08:07 4592972                    /opt/MATLAB_R2012a/bin/glnxa64/libmwresource_core.so
7f30831a2000-7f30831a3000 rw-p 00001000 08:07 4592972                    /opt/MATLAB_R2012a/bin/glnxa64/libmwresource_core.so
7f30831a3000-7f30831a4000 rw-p 00000000 00:00 0 
7f30831a4000-7f30831be000 r-xp 00000000 08:07 4597379                    /opt/MATLAB_R2012a/bin/glnxa64/libtbbmalloc.so.2
7f30831be000-7f30832bd000 ---p 0001a000 08:07 4597379                    /opt/MATLAB_R2012a/bin/glnxa64/libtbbmalloc.so.2
7f30832bd000-7f30832c0000 rw-p 00019000 08:07 4597379                    /opt/MATLAB_R2012a/bin/glnxa64/libtbbmalloc.so.2
7f30832c0000-7f30832cd000 rw-p 00000000 00:00 0 
7f30832cd000-7f3083307000 r-xp 00000000 08:07 4593117                    /opt/MATLAB_R2012a/bin/glnxa64/libtbb.so.2
7f3083307000-7f3083407000 ---p 0003a000 08:07 4593117                    /opt/MATLAB_R2012a/bin/glnxa64/libtbb.so.2
7f3083407000-7f308340b000 rw-p 0003a000 08:07 4593117                    /opt/MATLAB_R2012a/bin/glnxa64/libtbb.so.2
7f308340b000-7f308340c000 rw-p 00000000 00:00 0 
7f308340c000-7f3083417000 r-xp 00000000 08:07 4592709                    /opt/MATLAB_R2012a/bin/glnxa64/libicuio.so.44.2
7f3083417000-7f3083617000 ---p 0000b000 08:07 4592709                    /opt/MATLAB_R2012a/bin/glnxa64/libicuio.so.44.2
7f3083617000-7f3083619000 rw-p 0000b000 08:07 4592709                    /opt/MATLAB_R2012a/bin/glnxa64/libicuio.so.44.2
7f3083619000-7f308361a000 rw-p 00000000 00:00 0 
7f308361a000-7f308380c000 r-xp 00000000 08:07 4592707                    /opt/MATLAB_R2012a/bin/glnxa64/libicui18n.so.44.2
7f308380c000-7f3083a0b000 ---p 001f2000 08:07 4592707                    /opt/MATLAB_R2012a/bin/glnxa64/libicui18n.so.44.2
7f3083a0b000-7f3083a17000 rw-p 001f1000 08:07 4592707                    /opt/MATLAB_R2012a/bin/glnxa64/libicui18n.so.44.2
7f3083a17000-7f3083b68000 r-xp 00000000 08:07 4592711                    /opt/MATLAB_R2012a/bin/glnxa64/libicuuc.so.44.2
7f3083b68000-7f3083d68000 ---p 00151000 08:07 4592711                    /opt/MATLAB_R2012a/bin/glnxa64/libicuuc.so.44.2
7f3083d68000-7f3083d78000 rw-p 00151000 08:07 4592711                    /opt/MATLAB_R2012a/bin/glnxa64/libicuuc.so.44.2
7f3083d78000-7f3083d7b000 rw-p 00000000 00:00 0 
7f3083d7b000-7f3084bbb000 r--p 00000000 08:07 4592705                    /opt/MATLAB_R2012a/bin/glnxa64/libicudata.so.44.2
7f3084bbb000-7f3084dba000 ---p 00e40000 08:07 4592705                    /opt/MATLAB_R2012a/bin/glnxa64/libicudata.so.44.2
7f3084dba000-7f3084dbb000 rw-p 00e3f000 08:07 4592705                    /opt/MATLAB_R2012a/bin/glnxa64/libicudata.so.44.2
7f3084dbb000-7f3084dbc000 rw-p 00000000 00:00 0 
7f3084dbc000-7f3084de2000 r-xp 00000000 08:07 4592691                    /opt/MATLAB_R2012a/bin/glnxa64/libexpat.so.1.5.0
7f3084de2000-7f3084fe1000 ---p 00026000 08:07 4592691                    /opt/MATLAB_R2012a/bin/glnxa64/libexpat.so.1.5.0
7f3084fe1000-7f3084fe4000 rw-p 00025000 08:07 4592691                    /opt/MATLAB_R2012a/bin/glnxa64/libexpat.so.1.5.0
7f3084fe4000-7f3084ffa000 r-xp 00000000 08:07 4597299                    /opt/MATLAB_R2012a/bin/glnxa64/libboost_thread.so.1.44.0
7f3084ffa000-7f30851f9000 ---p 00016000 08:07 4597299                    /opt/MATLAB_R2012a/bin/glnxa64/libboost_thread.so.1.44.0
7f30851f9000-7f30851fb000 rw-p 00015000 08:07 4597299                    /opt/MATLAB_R2012a/bin/glnxa64/libboost_thread.so.1.44.0
7f30851fb000-7f30851fd000 r-xp 00000000 08:07 4597298                    /opt/MATLAB_R2012a/bin/glnxa64/libboost_system.so.1.44.0
7f30851fd000-7f30853fd000 ---p 00002000 08:07 4597298                    /opt/MATLAB_R2012a/bin/glnxa64/libboost_system.so.1.44.0
7f30853fd000-7f30853fe000 rw-p 00002000 08:07 4597298                    /opt/MATLAB_R2012a/bin/glnxa64/libboost_system.so.1.44.0
7f30853fe000-7f30853ff000 rw-p 00000000 00:00 0 
7f30853ff000-7f3085410000 r-xp 00000000 08:07 4592652                    /opt/MATLAB_R2012a/bin/glnxa64/libboost_date_time.so.1.44.0
7f3085410000-7f308560f000 ---p 00011000 08:07 4592652                    /opt/MATLAB_R2012a/bin/glnxa64/libboost_date_time.so.1.44.0
7f308560f000-7f3085611000 rw-p 00010000 08:07 4592652                    /opt/MATLAB_R2012a/bin/glnxa64/libboost_date_time.so.1.44.0
7f3085611000-7f3085612000 rw-p 00000000 00:00 0 
7f3085612000-7f3085628000 r-xp 00000000 08:07 4592693                    /opt/MATLAB_R2012a/bin/glnxa64/libgcc_s.so.1
7f3085628000-7f3085827000 ---p 00016000 08:07 4592693                    /opt/MATLAB_R2012a/bin/glnxa64/libgcc_s.so.1
7f3085827000-7f3085828000 rw-p 00015000 08:07 4592693                    /opt/MATLAB_R2012a/bin/glnxa64/libgcc_s.so.1
7f3085828000-7f3085829000 rw-p 00000000 00:00 0 
7f308583a000-7f3085842000 rw-s 00000000 08:03 128006                     /tmp/hsperfdata_mbaxpac2/29466
7f3085842000-7f3085843000 rw-p 00000000 00:00 0 
7f3085843000-7f3085844000 r--p 00000000 00:00 0 
7f3085844000-7f3085845000 r--p 00000000 08:07 8651440                    /usr/share/locale/en_GB/LC_MESSAGES/libc.mo
7f3085845000-7f308584c000 r--s 00000000 08:07 8916954                    /usr/lib64/gconv/gconv-modules.cache
7f308584c000-7f308593d000 r-xp 00000000 08:07 4593106                    /opt/MATLAB_R2012a/bin/glnxa64/libstdc++.so.6.0.13
7f308593d000-7f3085b3d000 ---p 000f1000 08:07 4593106                    /opt/MATLAB_R2012a/bin/glnxa64/libstdc++.so.6.0.13
7f3085b3d000-7f3085b44000 r--p 000f1000 08:07 4593106                    /opt/MATLAB_R2012a/bin/glnxa64/libstdc++.so.6.0.13
7f3085b44000-7f3085b46000 rw-p 000f8000 08:07 4593106                    /opt/MATLAB_R2012a/bin/glnxa64/libstdc++.so.6.0.13
7f3085b46000-7f3085b5b000 rw-p 00000000 00:00 0 
7f3085b5b000-7f3085bea000 r-xp 00000000 08:07 4597331                    /opt/MATLAB_R2012a/bin/glnxa64/libmwi18n.so
7f3085bea000-7f3085de9000 ---p 0008f000 08:07 4597331                    /opt/MATLAB_R2012a/bin/glnxa64/libmwi18n.so
7f3085de9000-7f3085def000 rw-p 0008e000 08:07 4597331                    /opt/MATLAB_R2012a/bin/glnxa64/libmwi18n.so
7f3085def000-7f3085df0000 rw-p 00000000 00:00 0 
7f3085df0000-7f3086324000 r-xp 00000000 08:07 4597337                    /opt/MATLAB_R2012a/bin/glnxa64/libmwm_interpreter.so
7f3086324000-7f3086523000 ---p 00534000 08:07 4597337                    /opt/MATLAB_R2012a/bin/glnxa64/libmwm_interpreter.so
7f3086523000-7f3086600000 rw-p 00533000 08:07 4597337                    /opt/MATLAB_R2012a/bin/glnxa64/libmwm_interpreter.so
7f3086600000-7f308669a000 rw-p 00000000 00:00 0 
7f308669a000-7f308672f000 r-xp 00000000 08:07 4592911                    /opt/MATLAB_R2012a/bin/glnxa64/libmwm_dispatcher.so
7f308672f000-7f308692e000 ---p 00095000 08:07 4592911                    /opt/MATLAB_R2012a/bin/glnxa64/libmwm_dispatcher.so
7f308692e000-7f3086935000 rw-p 00094000 08:07 4592911                    /opt/MATLAB_R2012a/bin/glnxa64/libmwm_dispatcher.so
7f3086935000-7f3086a9f000 r-xp 00000000 08:07 4592937                    /opt/MATLAB_R2012a/bin/glnxa64/libmwmcr.so
7f3086a9f000-7f3086c9f000 ---p 0016a000 08:07 4592937                    /opt/MATLAB_R2012a/bin/glnxa64/libmwmcr.so
7f3086c9f000-7f3086cb1000 rw-p 0016a000 08:07 4592937                    /opt/MATLAB_R2012a/bin/glnxa64/libmwmcr.so
7f3086cb1000-7f3086cb5000 rw-p 00000000 00:00 0 
7f3086cb5000-7f3086ce7000 r-xp 00000000 08:07 4592801                    /opt/MATLAB_R2012a/bin/glnxa64/libmwbridge.so
7f3086ce7000-7f3086ee7000 ---p 00032000 08:07 4592801                    /opt/MATLAB_R2012a/bin/glnxa64/libmwbridge.so
7f3086ee7000-7f3086eea000 rw-p 00032000 08:07 4592801                    /opt/MATLAB_R2012a/bin/glnxa64/libmwbridge.so
7f3086eea000-7f3086ef0000 rw-p 00000000 00:00 0 
7f3086ef0000-7f3086f90000 r-xp 00000000 08:07 4597334                    /opt/MATLAB_R2012a/bin/glnxa64/libmwjmi.so
7f3086f90000-7f308718f000 ---p 000a0000 08:07 4597334                    /opt/MATLAB_R2012a/bin/glnxa64/libmwjmi.so
7f308718f000-7f3087197000 rw-p 0009f000 08:07 4597334                    /opt/MATLAB_R2012a/bin/glnxa64/libmwjmi.so
7f3087197000-7f3087198000 rw-p 00000000 00:00 0 
7f3087198000-7f3087406000 r-xp 00000000 08:07 4592987                    /opt/MATLAB_R2012a/bin/glnxa64/libmwservices.so
7f3087406000-7f3087605000 ---p 0026e000 08:07 4592987                    /opt/MATLAB_R2012a/bin/glnxa64/libmwservices.so
7f3087605000-7f308761c000 rw-p 0026d000 08:07 4592987                    /opt/MATLAB_R2012a/bin/glnxa64/libmwservices.so
7f308761c000-7f308762b000 rw-p 00000000 00:00 0 
7f308762b000-7f3087668000 r-xp 00000000 08:07 4592948                    /opt/MATLAB_R2012a/bin/glnxa64/libmwmpath.so
7f3087668000-7f3087868000 ---p 0003d000 08:07 4592948                    /opt/MATLAB_R2012a/bin/glnxa64/libmwmpath.so
7f3087868000-7f308786b000 rw-p 0003d000 08:07 4592948                    /opt/MATLAB_R2012a/bin/glnxa64/libmwmpath.so
7f308786b000-7f308786e000 rw-p 00000000 00:00 0 
7f308786e000-7f3087924000 r-xp 00000000 08:07 4593045                    /opt/MATLAB_R2012a/bin/glnxa64/libmx.so
7f3087924000-7f3087b23000 ---p 000b6000 08:07 4593045                    /opt/MATLAB_R2012a/bin/glnxa64/libmx.so
7f3087b23000-7f3087b28000 rw-p 000b5000 08:07 4593045                    /opt/MATLAB_R2012a/bin/glnxa64/libmx.so
7f3087b28000-7f3087c06000 r-xp 00000000 08:07 4592865                    /opt/MATLAB_R2012a/bin/glnxa64/libmwfl.so
7f3087c06000-7f3087e05000 ---p 000de000 08:07 4592865                    /opt/MATLAB_R2012a/bin/glnxa64/libmwfl.so
7f3087e05000-7f3087e0f000 rw-p 000dd000 08:07 4592865                    /opt/MATLAB_R2012a/bin/glnxa64/libmwfl.so
7f3087e0f000-7f3087e20000 rw-p 00000000 00:00 0 
7f3087e20000-7f3087ef6000 r-xp 00000000 08:07 4597381                    /opt/MATLAB_R2012a/bin/glnxa64/libut.so
7f3087ef6000-7f30880f6000 ---p 000d6000 08:07 4597381                    /opt/MATLAB_R2012a/bin/glnxa64/libut.so
7f30880f6000-7f3088102000 rw-p 000d6000 08:07 4597381                    /opt/MATLAB_R2012a/bin/glnxa64/libut.so
7f3088102000-7f3088115000 rw-p 00000000 00:00 0 
7fff7ed37000-7fff7ed4b000 rwxp 00000000 00:00 0                          [stack]
7fff7ed4b000-7fff7ed4f000 rw-p 00000000 00:00 0 
7fff7edff000-7fff7ee00000 r-xp 00000000 00:00 0                          [vdso]
ffffffffff600000-ffffffffff601000 r-xp 00000000 00:00 0                  [vsyscall]

VM Arguments:
jvm_args: -Xms64m -XX:NewRatio=3 -XX:MaxPermSize=128m -Xmx196m -XX:MaxDirectMemorySize=2147400000 -XX:+AllowUserSignalHandlers -Xrs -Dsun.awt.disableMixing=true -Djava.library.path=/opt/MATLAB_R2012a/bin/glnxa64 vfprintf abort -Duser.language=en -Duser.country=GB -Dfile.encoding=UTF-8 
java_command: <unknown>
Launcher Type: generic

Environment Variables:
PATH=/usr/lib64/qt-3.3/bin:/usr/local/bin:/bin:/usr/bin:/usr/local/sbin:/usr/sbin:/sbin:/opt/go/bin:/opt/morphy/bin:/opt/novell/iprint/bin:/opt/paraview/ParaView-4.0.1-Linux-64bit/bin:/opt/teaching/bin:/opt/scripts:/opt/common/bin:/usr/games:.
LD_LIBRARY_PATH=/opt/MATLAB_R2012a/sys/os/glnxa64:/opt/MATLAB_R2012a/bin/glnxa64:/opt/MATLAB_R2012a/extern/lib/glnxa64:/opt/MATLAB_R2012a/runtime/glnxa64:/opt/MATLAB_R2012a/sys/java/jre/glnxa64/jre/lib/amd64/native_threads:/opt/MATLAB_R2012a/sys/java/jre/glnxa64/jre/lib/amd64/server:/opt/MATLAB_R2012a/sys/java/jre/glnxa64/jre/lib/amd64
SHELL=/bin/bash
DISPLAY=localhost:21.0
ARCH=glnxa64
OS=Linux

Signal Handlers:
SIGSEGV: [libjvm.so+0x6bddc0], sa_mask[0]=0x7ffbfeff, sa_flags=0x10000004
SIGBUS: [libjvm.so+0x6bddc0], sa_mask[0]=0x7ffbfeff, sa_flags=0x10000004
SIGFPE: [libjvm.so+0x594f90], sa_mask[0]=0x7ffbfeff, sa_flags=0x10000004
SIGPIPE: [libjvm.so+0x594f90], sa_mask[0]=0x7ffbfeff, sa_flags=0x10000004
SIGXFSZ: [libjvm.so+0x594f90], sa_mask[0]=0x7ffbfeff, sa_flags=0x10000004
SIGILL: [libjvm.so+0x594f90], sa_mask[0]=0x7ffbfeff, sa_flags=0x10000004
SIGUSR1: SIG_DFL, sa_mask[0]=0x00000000, sa_flags=0x00000000
SIGUSR2: [libjvm.so+0x597750], sa_mask[0]=0x08080002, sa_flags=0x10000004
SIGHUP: SIG_DFL, sa_mask[0]=0x00000000, sa_flags=0x00000000
SIGINT: SIG_DFL, sa_mask[0]=0x00000000, sa_flags=0x00000000
SIGTERM: SIG_DFL, sa_mask[0]=0x00000000, sa_flags=0x00000000
SIGQUIT: [libmwmcr.so+0x131430], sa_mask[0]=0x08080002, sa_flags=0x00000004


---------------  S Y S T E M  ---------------

OS:Scientific Linux release 6.2 (Carbon)

uname:Linux 2.6.32-358.18.1.el6.x86_64 #1 SMP Tue Aug 27 14:23:09 CDT 2013 x86_64
libc:glibc 2.12 NPTL 2.12 
rlimit: STACK 10240k, CORE 0k, NPROC 1024, NOFILE 16384, AS infinity
load average:1.16 1.12 1.08

CPU:total 12 

Memory: 4k page, physical 65923316k(29071392k free), swap 68157432k(68157432k free)

vm_info: Java HotSpot(TM) 64-Bit Server VM (14.3-b01) for linux-amd64 JRE (1.6.0_17-b04), built on Oct 11 2009 01:08:48 by "java_re" with gcc 3.2.2 (SuSE Linux)

time: Sun Nov 23 12:54:27 2014
elapsed time: 0 seconds

