#
# A fatal error has been detected by the Java Runtime Environment:
#
#  SIGBUS (0x7) at pc=0x0000003fb9a842ab, pid=21201, tid=140249732269824
#
# JRE version: 6.0_17-b04
# Java VM: Java HotSpot(TM) 64-Bit Server VM (14.3-b01 mixed mode linux-amd64 )
# Problematic frame:
# C  [libc.so.6+0x842ab]
#
# If you would like to submit a bug report, please visit:
#   http://java.sun.com/webapps/bugreport/crash.jsp
#

---------------  T H R E A D  ---------------

Current thread is native thread

siginfo:si_signo=SIGBUS: si_errno=0, si_code=2 (BUS_ADRERR), si_addr=0x00007f8e85520000

Registers:
RAX=0x00007f8e85520000, RBX=0x0000000000000006, RCX=0x0000000000000000, RDX=0x0000000000000000
RSP=0x00007f8e6f78b0d8, RBP=0x00007f8e6f78b110, RSI=0x0000000000000000, RDI=0x00007f8e85520000
R8 =0x0000000000007f80, R9 =0x0000000000140000, R10=0x0000000000000000, R11=0x0000003fb9a83daa
R12=0x00007f8e85520000, R13=0x00007f8e6056a0e0, R14=0x00007f8e604544b0, R15=0x0000000000008000
RIP=0x0000003fb9a842ab, EFL=0x0000000000010206, CSGSFS=0x0000000000000033, ERR=0x0000000000000006
  TRAPNO=0x000000000000000e

Top of Stack: (sp=0x00007f8e6f78b0d8)
0x00007f8e6f78b0d8:   00007f8e6de0db77 000052d16e115c48
0x00007f8e6f78b0e8:   00007f8e6e0fe7b8 0000000000008000
0x00007f8e6f78b0f8:   00007f8e6e111e00 00007f8e6e115c50
0x00007f8e6f78b108:   00007f8e6e115c48 00007f8e6f78b140
0x00007f8e6f78b118:   00007f8e6de0d782 0000000000000020
0x00007f8e6f78b128:   0000000000008000 00007f8e6e111e28
0x00007f8e6f78b138:   00000000ffffffff 00007f8e6f78b160
0x00007f8e6f78b148:   00007f8e6de0d384 00007f8e6e21fba0
0x00007f8e6f78b158:   00007f8e6f78b327 00007f8e6f78b170
0x00007f8e6f78b168:   00007f8e6de0d277 00007f8e6f78b180
0x00007f8e6f78b178:   00007f8e6dbc0c72 00007f8e6f78b310
0x00007f8e6f78b188:   00007f8e6dec8501 00007f8e6f78b320
0x00007f8e6f78b198:   000000000000000f 0000000000000009
0x00007f8e6f78b1a8:   00007f8e6f78b880 00007f8e6f78b2a0
0x00007f8e6f78b1b8:   00007f8e6f78b2d0 0000000000000000
0x00007f8e6f78b1c8:   0000003fb960e206 00007f8e6f78c6d8
0x00007f8e6f78b1d8:   00007f8e6000d5d0 00007f8e6000d5d8
0x00007f8e6f78b1e8:   00007f8e6000d5c8 0000003fba2010b0
0x00007f8e6f78b1f8:   00007f8e6f78b320 00007f8e6f78b230
0x00007f8e6f78b208:   0000000000000000 00007f8e600e14e0
0x00007f8e6f78b218:   00007f8e6000d5c0 0c30b1360d9c93ff
0x00007f8e6f78b228:   00007f8e6f78b320 000000000000000f
0x00007f8e6f78b238:   0000000000000009 00007f8e6f78b880
0x00007f8e6f78b248:   f3531b874f5c93ff 0c30b7b7ef2a93ff
0x00007f8e6f78b258:   00007f8e60485220 00007f8e6045c730
0x00007f8e6f78b268:   00007f8e6041dcd0 00007f8e60485220
0x00007f8e6f78b278:   00007f8e6045c730 00007f8e6041dcd0
0x00007f8e6f78b288:   00007f8e86e7c6b0 00007f8e60485220
0x00007f8e6f78b298:   00007f8e6045c730 ffffffffff010100
0x00007f8e6f78b2a8:   0000000000000000 fffffffffffffff3
0x00007f8e6f78b2b8:   00007f8e84cd5e00 00007f8e86e7c6b0
0x00007f8e6f78b2c8:   00007f8e60421ce0 0000000000000001 

Instructions: (pc=0x0000003fb9a842ab)
0x0000003fb9a8429b:   64 0f 1f 40 00 4d 8d 40 80 49 81 f8 80 00 00 00
0x0000003fb9a842ab:   66 0f 7f 07 66 0f 7f 47 10 66 0f 7f 47 20 66 0f 

Stack: [0x00007f8e6ed8c000,0x00007f8e6f78d000],  sp=0x00007f8e6f78b0d8,  free space=10236k
Native frames: (J=compiled Java code, j=interpreted, Vv=VM code, C=native code)
C  [libc.so.6+0x842ab]
V  [libjvm.so+0x5c4782]
V  [libjvm.so+0x5c4384]
V  [libjvm.so+0x5c4277]
V  [libjvm.so+0x377c72]
V  [libjvm.so+0x67f501]
V  [libjvm.so+0x3def30]
C  [libmwjmi.so+0x6e029]  _Z9InitSunVMN5boost8optionalIKSt6vectorISsSaISsEEEE+0x1129
C  [libmwjmi.so+0x6eb5f]
C  [libmwjmi.so+0x6eca9]
C  [libmwjmi.so+0x5ceb1]  _Z7mljInitv+0x21
C  [libmwmcr.so+0x106205]
C  [libmwmcr.so+0xf8bf4]
C  [libmwmcr.so+0xf8d97]


---------------  P R O C E S S  ---------------

VM state:not at safepoint (not fully initialized)

VM Mutex/Monitor currently owned by a thread: None

Dynamic libraries:
00400000-00406000 r-xp 00000000 08:07 4592555                            /opt/MATLAB_R2012a/bin/glnxa64/MATLAB
00606000-00607000 rw-p 00006000 08:07 4592555                            /opt/MATLAB_R2012a/bin/glnxa64/MATLAB
00dc3000-00f2f000 rw-p 00000000 00:00 0                                  [heap]
3fb9600000-3fb9620000 r-xp 00000000 08:07 8916932                        /lib64/ld-2.12.so
3fb981f000-3fb9820000 r--p 0001f000 08:07 8916932                        /lib64/ld-2.12.so
3fb9820000-3fb9821000 rw-p 00020000 08:07 8916932                        /lib64/ld-2.12.so
3fb9821000-3fb9822000 rw-p 00000000 00:00 0 
3fb9a00000-3fb9b8a000 r-xp 00000000 08:07 8917220                        /lib64/libc-2.12.so
3fb9b8a000-3fb9d8a000 ---p 0018a000 08:07 8917220                        /lib64/libc-2.12.so
3fb9d8a000-3fb9d8e000 r--p 0018a000 08:07 8917220                        /lib64/libc-2.12.so
3fb9d8e000-3fb9d8f000 rw-p 0018e000 08:07 8917220                        /lib64/libc-2.12.so
3fb9d8f000-3fb9d94000 rw-p 00000000 00:00 0 
3fb9e00000-3fb9e83000 r-xp 00000000 08:07 8929050                        /lib64/libm-2.12.so
3fb9e83000-3fba082000 ---p 00083000 08:07 8929050                        /lib64/libm-2.12.so
3fba082000-3fba083000 r--p 00082000 08:07 8929050                        /lib64/libm-2.12.so
3fba083000-3fba084000 rw-p 00083000 08:07 8929050                        /lib64/libm-2.12.so
3fba200000-3fba202000 r-xp 00000000 08:07 8918861                        /lib64/libdl-2.12.so
3fba202000-3fba402000 ---p 00002000 08:07 8918861                        /lib64/libdl-2.12.so
3fba402000-3fba403000 r--p 00002000 08:07 8918861                        /lib64/libdl-2.12.so
3fba403000-3fba404000 rw-p 00003000 08:07 8918861                        /lib64/libdl-2.12.so
3fba600000-3fba617000 r-xp 00000000 08:07 8929049                        /lib64/libpthread-2.12.so
3fba617000-3fba817000 ---p 00017000 08:07 8929049                        /lib64/libpthread-2.12.so
3fba817000-3fba818000 r--p 00017000 08:07 8929049                        /lib64/libpthread-2.12.so
3fba818000-3fba819000 rw-p 00018000 08:07 8929049                        /lib64/libpthread-2.12.so
3fba819000-3fba81d000 rw-p 00000000 00:00 0 
3fbaa00000-3fbaa15000 r-xp 00000000 08:07 8929182                        /lib64/libz.so.1.2.3
3fbaa15000-3fbac14000 ---p 00015000 08:07 8929182                        /lib64/libz.so.1.2.3
3fbac14000-3fbac15000 r--p 00014000 08:07 8929182                        /lib64/libz.so.1.2.3
3fbac15000-3fbac16000 rw-p 00015000 08:07 8929182                        /lib64/libz.so.1.2.3
3fbae00000-3fbae07000 r-xp 00000000 08:07 8929199                        /lib64/librt-2.12.so
3fbae07000-3fbb006000 ---p 00007000 08:07 8929199                        /lib64/librt-2.12.so
3fbb006000-3fbb007000 r--p 00006000 08:07 8929199                        /lib64/librt-2.12.so
3fbb007000-3fbb008000 rw-p 00007000 08:07 8929199                        /lib64/librt-2.12.so
3fbb600000-3fbb616000 r-xp 00000000 08:07 8929187                        /lib64/libresolv-2.12.so
3fbb616000-3fbb816000 ---p 00016000 08:07 8929187                        /lib64/libresolv-2.12.so
3fbb816000-3fbb817000 r--p 00016000 08:07 8929187                        /lib64/libresolv-2.12.so
3fbb817000-3fbb818000 rw-p 00017000 08:07 8929187                        /lib64/libresolv-2.12.so
3fbb818000-3fbb81a000 rw-p 00000000 00:00 0 
3fbc200000-3fbc202000 r-xp 00000000 08:07 8656705                        /usr/lib64/libXau.so.6.0.0
3fbc202000-3fbc402000 ---p 00002000 08:07 8656705                        /usr/lib64/libXau.so.6.0.0
3fbc402000-3fbc403000 rw-p 00002000 08:07 8656705                        /usr/lib64/libXau.so.6.0.0
3fbc600000-3fbc737000 r-xp 00000000 08:07 8658626                        /usr/lib64/libX11.so.6.3.0
3fbc737000-3fbc937000 ---p 00137000 08:07 8658626                        /usr/lib64/libX11.so.6.3.0
3fbc937000-3fbc93d000 rw-p 00137000 08:07 8658626                        /usr/lib64/libX11.so.6.3.0
3fbca00000-3fbca1d000 r-xp 00000000 08:07 8657315                        /usr/lib64/libxcb.so.1.1.0
3fbca1d000-3fbcc1d000 ---p 0001d000 08:07 8657315                        /usr/lib64/libxcb.so.1.1.0
3fbcc1d000-3fbcc1e000 rw-p 0001d000 08:07 8657315                        /usr/lib64/libxcb.so.1.1.0
3fbd600000-3fbd611000 r-xp 00000000 08:07 8658799                        /usr/lib64/libXext.so.6.4.0
3fbd611000-3fbd811000 ---p 00011000 08:07 8658799                        /usr/lib64/libXext.so.6.4.0
3fbd811000-3fbd812000 rw-p 00011000 08:07 8658799                        /usr/lib64/libXext.so.6.4.0
3fbe600000-3fbe609000 r-xp 00000000 08:07 8658124                        /usr/lib64/libXrender.so.1.3.0
3fbe609000-3fbe808000 ---p 00009000 08:07 8658124                        /usr/lib64/libXrender.so.1.3.0
3fbe808000-3fbe809000 rw-p 00008000 08:07 8658124                        /usr/lib64/libXrender.so.1.3.0
3fbf200000-3fbf205000 r-xp 00000000 08:07 8656137                        /usr/lib64/libXfixes.so.3.1.0
3fbf205000-3fbf404000 ---p 00005000 08:07 8656137                        /usr/lib64/libXfixes.so.3.1.0
3fbf404000-3fbf405000 rw-p 00004000 08:07 8656137                        /usr/lib64/libXfixes.so.3.1.0
3fc0200000-3fc0209000 r-xp 00000000 08:07 8656112                        /usr/lib64/libXcursor.so.1.0.2
3fc0209000-3fc0409000 ---p 00009000 08:07 8656112                        /usr/lib64/libXcursor.so.1.0.2
3fc0409000-3fc040a000 rw-p 00009000 08:07 8656112                        /usr/lib64/libXcursor.so.1.0.2
3fc0600000-3fc0618000 r-xp 00000000 08:07 8660411                        /usr/lib64/libXmu.so.6.2.0
3fc0618000-3fc0818000 ---p 00018000 08:07 8660411                        /usr/lib64/libXmu.so.6.2.0
3fc0818000-3fc081a000 rw-p 00018000 08:07 8660411                        /usr/lib64/libXmu.so.6.2.0
3fc0a00000-3fc0a04000 r-xp 00000000 08:07 8922725                        /lib64/libuuid.so.1.3.0
3fc0a04000-3fc0c03000 ---p 00004000 08:07 8922725                        /lib64/libuuid.so.1.3.0
3fc0c03000-3fc0c04000 rw-p 00003000 08:07 8922725                        /lib64/libuuid.so.1.3.0
3fc1200000-3fc1217000 r-xp 00000000 08:07 8656108                        /usr/lib64/libICE.so.6.3.0
3fc1217000-3fc1417000 ---p 00017000 08:07 8656108                        /usr/lib64/libICE.so.6.3.0
3fc1417000-3fc1418000 rw-p 00017000 08:07 8656108                        /usr/lib64/libICE.so.6.3.0
3fc1418000-3fc141c000 rw-p 00000000 00:00 0 
3fc1a00000-3fc1a07000 r-xp 00000000 08:07 8659445                        /usr/lib64/libSM.so.6.0.0
3fc1a07000-3fc1c07000 ---p 00007000 08:07 8659445                        /usr/lib64/libSM.so.6.0.0
3fc1c07000-3fc1c08000 rw-p 00007000 08:07 8659445                        /usr/lib64/libSM.so.6.0.0
3fc7600000-3fc7671000 r-xp 00000000 08:07 8929196                        /lib64/libfreebl3.so
3fc7671000-3fc7870000 ---p 00071000 08:07 8929196                        /lib64/libfreebl3.so
3fc7870000-3fc7872000 r--p 00070000 08:07 8929196                        /lib64/libfreebl3.so
3fc7872000-3fc7873000 rw-p 00072000 08:07 8929196                        /lib64/libfreebl3.so
3fc7873000-3fc7877000 rw-p 00000000 00:00 0 
3fc7a00000-3fc7a07000 r-xp 00000000 08:07 8929197                        /lib64/libcrypt-2.12.so
3fc7a07000-3fc7c07000 ---p 00007000 08:07 8929197                        /lib64/libcrypt-2.12.so
3fc7c07000-3fc7c08000 r--p 00007000 08:07 8929197                        /lib64/libcrypt-2.12.so
3fc7c08000-3fc7c09000 rw-p 00008000 08:07 8929197                        /lib64/libcrypt-2.12.so
3fc7c09000-3fc7c37000 rw-p 00000000 00:00 0 
3fc8600000-3fc8611000 r-xp 00000000 08:07 8662072                        /usr/lib64/libXpm.so.4.11.0
3fc8611000-3fc8810000 ---p 00011000 08:07 8662072                        /usr/lib64/libXpm.so.4.11.0
3fc8810000-3fc8811000 rw-p 00010000 08:07 8662072                        /usr/lib64/libXpm.so.4.11.0
3fc9600000-3fc961d000 r-xp 00000000 08:07 8929185                        /lib64/libtinfo.so.5.7
3fc961d000-3fc981d000 ---p 0001d000 08:07 8929185                        /lib64/libtinfo.so.5.7
3fc981d000-3fc9821000 rw-p 0001d000 08:07 8929185                        /lib64/libtinfo.so.5.7
3fcb400000-3fcb416000 r-xp 00000000 08:07 8929210                        /lib64/libnsl-2.12.so
3fcb416000-3fcb615000 ---p 00016000 08:07 8929210                        /lib64/libnsl-2.12.so
3fcb615000-3fcb616000 r--p 00015000 08:07 8929210                        /lib64/libnsl-2.12.so
3fcb616000-3fcb617000 rw-p 00016000 08:07 8929210                        /lib64/libnsl-2.12.so
3fcb617000-3fcb619000 rw-p 00000000 00:00 0 
3fcc200000-3fcc222000 r-xp 00000000 08:07 8916690                        /lib64/libncurses.so.5.7
3fcc222000-3fcc421000 ---p 00022000 08:07 8916690                        /lib64/libncurses.so.5.7
3fcc421000-3fcc422000 rw-p 00021000 08:07 8916690                        /lib64/libncurses.so.5.7
3fcde00000-3fcde5f000 r-xp 00000000 08:07 8660286                        /usr/lib64/libXt.so.6.0.0
3fcde5f000-3fce05e000 ---p 0005f000 08:07 8660286                        /usr/lib64/libXt.so.6.0.0
3fce05e000-3fce064000 rw-p 0005e000 08:07 8660286                        /usr/lib64/libXt.so.6.0.0
3fce064000-3fce065000 rw-p 00000000 00:00 0 
7f8e58000000-7f8e58021000 rw-p 00000000 00:00 0 
7f8e58021000-7f8e5c000000 ---p 00000000 00:00 0 
7f8e5f5ff000-7f8e5f600000 ---p 00000000 00:00 0 
7f8e5f600000-7f8e60000000 rwxp 00000000 00:00 0 
7f8e60000000-7f8e605bb000 rw-p 00000000 00:00 0 
7f8e605bb000-7f8e64000000 ---p 00000000 00:00 0 
7f8e64000000-7f8e64021000 rw-p 00000000 00:00 0 
7f8e64021000-7f8e68000000 ---p 00000000 00:00 0 
7f8e68000000-7f8e68021000 rw-p 00000000 00:00 0 
7f8e68021000-7f8e6c000000 ---p 00000000 00:00 0 
7f8e6c1a3000-7f8e6c1aa000 r-xp 00000000 08:07 4852067                    /opt/MATLAB_R2012a/sys/java/jre/glnxa64/jre/lib/amd64/native_threads/libhpi.so
7f8e6c1aa000-7f8e6c2ab000 ---p 00007000 08:07 4852067                    /opt/MATLAB_R2012a/sys/java/jre/glnxa64/jre/lib/amd64/native_threads/libhpi.so
7f8e6c2ab000-7f8e6c2ad000 rw-p 00008000 08:07 4852067                    /opt/MATLAB_R2012a/sys/java/jre/glnxa64/jre/lib/amd64/native_threads/libhpi.so
7f8e6c2ad000-7f8e6c2ae000 rw-p 00000000 00:00 0 
7f8e6c2ae000-7f8e6c2af000 ---p 00000000 00:00 0 
7f8e6c2af000-7f8e6ccaf000 rwxp 00000000 00:00 0 
7f8e6ccaf000-7f8e6ccb4000 r-xp 00000000 08:07 8916670                    /lib64/libnss_dns-2.12.so
7f8e6ccb4000-7f8e6ceb3000 ---p 00005000 08:07 8916670                    /lib64/libnss_dns-2.12.so
7f8e6ceb3000-7f8e6ceb4000 r--p 00004000 08:07 8916670                    /lib64/libnss_dns-2.12.so
7f8e6ceb4000-7f8e6ceb5000 rw-p 00005000 08:07 8916670                    /lib64/libnss_dns-2.12.so
7f8e6ceb5000-7f8e6d533000 r--s 00000000 08:02 655960                     /var/lib/sss/mc/passwd
7f8e6d533000-7f8e6d53a000 r-xp 00000000 08:07 8920696                    /lib64/libnss_sss.so.2
7f8e6d53a000-7f8e6d739000 ---p 00007000 08:07 8920696                    /lib64/libnss_sss.so.2
7f8e6d739000-7f8e6d73a000 rw-p 00006000 08:07 8920696                    /lib64/libnss_sss.so.2
7f8e6d73a000-7f8e6d747000 r-xp 00000000 08:07 4852063                    /opt/MATLAB_R2012a/sys/java/jre/glnxa64/jre/lib/amd64/libverify.so
7f8e6d747000-7f8e6d846000 ---p 0000d000 08:07 4852063                    /opt/MATLAB_R2012a/sys/java/jre/glnxa64/jre/lib/amd64/libverify.so
7f8e6d846000-7f8e6d849000 rw-p 0000c000 08:07 4852063                    /opt/MATLAB_R2012a/sys/java/jre/glnxa64/jre/lib/amd64/libverify.so
7f8e6d849000-7f8e6dfa7000 r-xp 00000000 08:07 4852072                    /opt/MATLAB_R2012a/sys/java/jre/glnxa64/jre/lib/amd64/server/libjvm.so
7f8e6dfa7000-7f8e6e0a6000 ---p 0075e000 08:07 4852072                    /opt/MATLAB_R2012a/sys/java/jre/glnxa64/jre/lib/amd64/server/libjvm.so
7f8e6e0a6000-7f8e6e21e000 rw-p 0075d000 08:07 4852072                    /opt/MATLAB_R2012a/sys/java/jre/glnxa64/jre/lib/amd64/server/libjvm.so
7f8e6e21e000-7f8e6e25c000 rw-p 00000000 00:00 0 
7f8e6e25c000-7f8e6e285000 r-xp 00000000 08:07 4852043                    /opt/MATLAB_R2012a/sys/java/jre/glnxa64/jre/lib/amd64/libjava.so
7f8e6e285000-7f8e6e384000 ---p 00029000 08:07 4852043                    /opt/MATLAB_R2012a/sys/java/jre/glnxa64/jre/lib/amd64/libjava.so
7f8e6e384000-7f8e6e38b000 rw-p 00028000 08:07 4852043                    /opt/MATLAB_R2012a/sys/java/jre/glnxa64/jre/lib/amd64/libjava.so
7f8e6e38b000-7f8e6e38c000 ---p 00000000 00:00 0 
7f8e6e38c000-7f8e6ed8c000 rwxp 00000000 00:00 0 
7f8e6ed8c000-7f8e6ed8d000 ---p 00000000 00:00 0 
7f8e6ed8d000-7f8e6f78d000 rwxp 00000000 00:00 0 
7f8e6f78d000-7f8e6f799000 r-xp 00000000 08:07 8929012                    /lib64/libnss_files-2.12.so
7f8e6f799000-7f8e6f999000 ---p 0000c000 08:07 8929012                    /lib64/libnss_files-2.12.so
7f8e6f999000-7f8e6f99a000 r--p 0000c000 08:07 8929012                    /lib64/libnss_files-2.12.so
7f8e6f99a000-7f8e6f99b000 rw-p 0000d000 08:07 8929012                    /lib64/libnss_files-2.12.so
7f8e6f9be000-7f8e6fade000 rw-p 00000000 00:00 0 
7f8e6fade000-7f8e6fadf000 ---p 00000000 00:00 0 
7f8e6fadf000-7f8e702af000 rwxp 00000000 00:00 0 
7f8e702af000-7f8e702b1000 r-xp 00000000 08:07 4597385                    /opt/MATLAB_R2012a/bin/glnxa64/mklcompat.so
7f8e702b1000-7f8e704b0000 ---p 00002000 08:07 4597385                    /opt/MATLAB_R2012a/bin/glnxa64/mklcompat.so
7f8e704b0000-7f8e704b1000 rw-p 00001000 08:07 4597385                    /opt/MATLAB_R2012a/bin/glnxa64/mklcompat.so
7f8e704b1000-7f8e70570000 r-xp 00000000 08:07 4853355                    /opt/MATLAB_R2012a/sys/os/glnxa64/libiomp5.so
7f8e70570000-7f8e7076f000 ---p 000bf000 08:07 4853355                    /opt/MATLAB_R2012a/sys/os/glnxa64/libiomp5.so
7f8e7076f000-7f8e70778000 rw-p 000be000 08:07 4853355                    /opt/MATLAB_R2012a/sys/os/glnxa64/libiomp5.so
7f8e70778000-7f8e7077f000 rw-p 00000000 00:00 0 
7f8e7077f000-7f8e7260a000 r-xp 00000000 08:07 4593128                    /opt/MATLAB_R2012a/bin/glnxa64/mkl.so
7f8e7260a000-7f8e7280a000 ---p 01e8b000 08:07 4593128                    /opt/MATLAB_R2012a/bin/glnxa64/mkl.so
7f8e7280a000-7f8e7284c000 rw-p 01e8b000 08:07 4593128                    /opt/MATLAB_R2012a/bin/glnxa64/mkl.so
7f8e7284c000-7f8e72851000 rw-p 00000000 00:00 0 
7f8e72851000-7f8e786e2000 r--p 00000000 08:07 8668444                    /usr/lib/locale/locale-archive
7f8e786e2000-7f8e786ea000 rw-p 00000000 00:00 0 
7f8e786ea000-7f8e786f0000 r-xp 00000000 08:07 4592819                    /opt/MATLAB_R2012a/bin/glnxa64/libmwcolamd.so
7f8e786f0000-7f8e788ef000 ---p 00006000 08:07 4592819                    /opt/MATLAB_R2012a/bin/glnxa64/libmwcolamd.so
7f8e788ef000-7f8e788f0000 rw-p 00005000 08:07 4592819                    /opt/MATLAB_R2012a/bin/glnxa64/libmwcolamd.so
7f8e788f0000-7f8e788f8000 r-xp 00000000 08:07 4592791                    /opt/MATLAB_R2012a/bin/glnxa64/libmwamd.so
7f8e788f8000-7f8e78af7000 ---p 00008000 08:07 4592791                    /opt/MATLAB_R2012a/bin/glnxa64/libmwamd.so
7f8e78af7000-7f8e78af8000 rw-p 00007000 08:07 4592791                    /opt/MATLAB_R2012a/bin/glnxa64/libmwamd.so
7f8e78af8000-7f8e78af9000 rw-p 00000000 00:00 0 
7f8e78af9000-7f8e78b3b000 r-xp 00000000 08:07 4592816                    /opt/MATLAB_R2012a/bin/glnxa64/libmwcholmod.so
7f8e78b3b000-7f8e78d3b000 ---p 00042000 08:07 4592816                    /opt/MATLAB_R2012a/bin/glnxa64/libmwcholmod.so
7f8e78d3b000-7f8e78d3c000 rw-p 00042000 08:07 4592816                    /opt/MATLAB_R2012a/bin/glnxa64/libmwcholmod.so
7f8e78d3c000-7f8e78d3d000 rw-p 00000000 00:00 0 
7f8e78d3d000-7f8e78d4f000 r-xp 00000000 08:07 4592799                    /opt/MATLAB_R2012a/bin/glnxa64/libmwblas.so
7f8e78d4f000-7f8e78f4e000 ---p 00012000 08:07 4592799                    /opt/MATLAB_R2012a/bin/glnxa64/libmwblas.so
7f8e78f4e000-7f8e78f50000 rw-p 00011000 08:07 4592799                    /opt/MATLAB_R2012a/bin/glnxa64/libmwblas.so
7f8e78f50000-7f8e78f52000 rw-p 00000000 00:00 0 
7f8e78f52000-7f8e78f56000 r-xp 00000000 08:07 4592960                    /opt/MATLAB_R2012a/bin/glnxa64/libmwompwrapper.so
7f8e78f56000-7f8e79155000 ---p 00004000 08:07 4592960                    /opt/MATLAB_R2012a/bin/glnxa64/libmwompwrapper.so
7f8e79155000-7f8e79156000 rw-p 00003000 08:07 4592960                    /opt/MATLAB_R2012a/bin/glnxa64/libmwompwrapper.so
7f8e79156000-7f8e7915f000 r-xp 00000000 08:07 4592797                    /opt/MATLAB_R2012a/bin/glnxa64/libmwbinder.so
7f8e7915f000-7f8e7935e000 ---p 00009000 08:07 4592797                    /opt/MATLAB_R2012a/bin/glnxa64/libmwbinder.so
7f8e7935e000-7f8e7935f000 rw-p 00008000 08:07 4592797                    /opt/MATLAB_R2012a/bin/glnxa64/libmwbinder.so
7f8e7935f000-7f8e79360000 rw-p 00000000 00:00 0 
7f8e79360000-7f8e79423000 r-xp 00000000 08:07 4592922                    /opt/MATLAB_R2012a/bin/glnxa64/libmwmathcore.so
7f8e79423000-7f8e79622000 ---p 000c3000 08:07 4592922                    /opt/MATLAB_R2012a/bin/glnxa64/libmwmathcore.so
7f8e79622000-7f8e79627000 rw-p 000c2000 08:07 4592922                    /opt/MATLAB_R2012a/bin/glnxa64/libmwmathcore.so
7f8e79627000-7f8e79628000 rw-p 00000000 00:00 0 
7f8e79628000-7f8e798ad000 r-xp 00000000 08:07 4592699                    /opt/MATLAB_R2012a/bin/glnxa64/libhdf5.so.6.0.5
7f8e798ad000-7f8e79aad000 ---p 00285000 08:07 4592699                    /opt/MATLAB_R2012a/bin/glnxa64/libhdf5.so.6.0.5
7f8e79aad000-7f8e79ab8000 rw-p 00285000 08:07 4592699                    /opt/MATLAB_R2012a/bin/glnxa64/libhdf5.so.6.0.5
7f8e79ab8000-7f8e79ab9000 rw-p 00000000 00:00 0 
7f8e79ab9000-7f8e79ad4000 r-xp 00000000 08:07 4592701                    /opt/MATLAB_R2012a/bin/glnxa64/libhdf5_hl.so.6.0.5
7f8e79ad4000-7f8e79cd3000 ---p 0001b000 08:07 4592701                    /opt/MATLAB_R2012a/bin/glnxa64/libhdf5_hl.so.6.0.5
7f8e79cd3000-7f8e79cd4000 rw-p 0001a000 08:07 4592701                    /opt/MATLAB_R2012a/bin/glnxa64/libhdf5_hl.so.6.0.5
7f8e79cd4000-7f8e79ce7000 rw-p 00000000 00:00 0 
7f8e79ce7000-7f8e79f68000 r-xp 00000000 08:07 4853347                    /opt/MATLAB_R2012a/sys/os/glnxa64/libXm.so.3.0.2
7f8e79f68000-7f8e7a168000 ---p 00281000 08:07 4853347                    /opt/MATLAB_R2012a/sys/os/glnxa64/libXm.so.3.0.2
7f8e7a168000-7f8e7a192000 rw-p 00281000 08:07 4853347                    /opt/MATLAB_R2012a/sys/os/glnxa64/libXm.so.3.0.2
7f8e7a192000-7f8e7a193000 rw-p 00000000 00:00 0 
7f8e7a193000-7f8e7a1a0000 r-xp 00000000 08:07 4597322                    /opt/MATLAB_R2012a/bin/glnxa64/libmwgbt.so
7f8e7a1a0000-7f8e7a3a0000 ---p 0000d000 08:07 4597322                    /opt/MATLAB_R2012a/bin/glnxa64/libmwgbt.so
7f8e7a3a0000-7f8e7a3a1000 rw-p 0000d000 08:07 4597322                    /opt/MATLAB_R2012a/bin/glnxa64/libmwgbt.so
7f8e7a3a1000-7f8e7a3a2000 rw-p 00000000 00:00 0 
7f8e7a3a2000-7f8e7a3d3000 r-xp 00000000 08:07 4597323                    /opt/MATLAB_R2012a/bin/glnxa64/libmwgbtutils.so
7f8e7a3d3000-7f8e7a5d2000 ---p 00031000 08:07 4597323                    /opt/MATLAB_R2012a/bin/glnxa64/libmwgbtutils.so
7f8e7a5d2000-7f8e7a5d8000 rw-p 00030000 08:07 4597323                    /opt/MATLAB_R2012a/bin/glnxa64/libmwgbtutils.so
7f8e7a5d8000-7f8e7a689000 r-xp 00000000 08:07 4592907                    /opt/MATLAB_R2012a/bin/glnxa64/libmwlapack.so
7f8e7a689000-7f8e7a888000 ---p 000b1000 08:07 4592907                    /opt/MATLAB_R2012a/bin/glnxa64/libmwlapack.so
7f8e7a888000-7f8e7a892000 rw-p 000b0000 08:07 4592907                    /opt/MATLAB_R2012a/bin/glnxa64/libmwlapack.so
7f8e7a892000-7f8e7aae2000 r-xp 00000000 08:07 4597329                    /opt/MATLAB_R2012a/bin/glnxa64/libmwhgdatatypes.so
7f8e7aae2000-7f8e7ace1000 ---p 00250000 08:07 4597329                    /opt/MATLAB_R2012a/bin/glnxa64/libmwhgdatatypes.so
7f8e7ace1000-7f8e7acfe000 rw-p 0024f000 08:07 4597329                    /opt/MATLAB_R2012a/bin/glnxa64/libmwhgdatatypes.so
7f8e7acfe000-7f8e7ad00000 rw-p 00000000 00:00 0 
7f8e7ad00000-7f8e7ad31000 r-xp 00000000 08:07 4592888                    /opt/MATLAB_R2012a/bin/glnxa64/libmwhardcopy.so
7f8e7ad31000-7f8e7af30000 ---p 00031000 08:07 4592888                    /opt/MATLAB_R2012a/bin/glnxa64/libmwhardcopy.so
7f8e7af30000-7f8e7af33000 rw-p 00030000 08:07 4592888                    /opt/MATLAB_R2012a/bin/glnxa64/libmwhardcopy.so
7f8e7af33000-7f8e7af43000 r-xp 00000000 08:07 4592885                    /opt/MATLAB_R2012a/bin/glnxa64/libmwgraphics_util.so
7f8e7af43000-7f8e7b142000 ---p 00010000 08:07 4592885                    /opt/MATLAB_R2012a/bin/glnxa64/libmwgraphics_util.so
7f8e7b142000-7f8e7b144000 rw-p 0000f000 08:07 4592885                    /opt/MATLAB_R2012a/bin/glnxa64/libmwgraphics_util.so
7f8e7b144000-7f8e7b145000 rw-p 00000000 00:00 0 
7f8e7b145000-7f8e7b15a000 r-xp 00000000 08:07 4592904                    /opt/MATLAB_R2012a/bin/glnxa64/libmwir_xfmr.so
7f8e7b15a000-7f8e7b35a000 ---p 00015000 08:07 4592904                    /opt/MATLAB_R2012a/bin/glnxa64/libmwir_xfmr.so
7f8e7b35a000-7f8e7b35b000 rw-p 00015000 08:07 4592904                    /opt/MATLAB_R2012a/bin/glnxa64/libmwir_xfmr.so
7f8e7b35b000-7f8e7b35d000 rw-p 00000000 00:00 0 
7f8e7b35d000-7f8e7b3c8000 r-xp 00000000 08:07 4593019                    /opt/MATLAB_R2012a/bin/glnxa64/libmwspmatrix.so
7f8e7b3c8000-7f8e7b5c8000 ---p 0006b000 08:07 4593019                    /opt/MATLAB_R2012a/bin/glnxa64/libmwspmatrix.so
7f8e7b5c8000-7f8e7b5c9000 rw-p 0006b000 08:07 4593019                    /opt/MATLAB_R2012a/bin/glnxa64/libmwspmatrix.so
7f8e7b5c9000-7f8e7b5ca000 rw-p 00000000 00:00 0 
7f8e7b5ca000-7f8e7b5ef000 r-xp 00000000 08:07 4597340                    /opt/MATLAB_R2012a/bin/glnxa64/libmwm_pcodegen.so
7f8e7b5ef000-7f8e7b7ef000 ---p 00025000 08:07 4597340                    /opt/MATLAB_R2012a/bin/glnxa64/libmwm_pcodegen.so
7f8e7b7ef000-7f8e7b7f1000 rw-p 00025000 08:07 4597340                    /opt/MATLAB_R2012a/bin/glnxa64/libmwm_pcodegen.so
7f8e7b7f1000-7f8e7b80a000 r-xp 00000000 08:07 4597341                    /opt/MATLAB_R2012a/bin/glnxa64/libmwm_pcodeio.so
7f8e7b80a000-7f8e7ba09000 ---p 00019000 08:07 4597341                    /opt/MATLAB_R2012a/bin/glnxa64/libmwm_pcodeio.so
7f8e7ba09000-7f8e7ba0b000 rw-p 00018000 08:07 4597341                    /opt/MATLAB_R2012a/bin/glnxa64/libmwm_pcodeio.so
7f8e7ba0b000-7f8e7ba1b000 r-xp 00000000 08:07 4592941                    /opt/MATLAB_R2012a/bin/glnxa64/libmwmlib.so
7f8e7ba1b000-7f8e7bc1b000 ---p 00010000 08:07 4592941                    /opt/MATLAB_R2012a/bin/glnxa64/libmwmlib.so
7f8e7bc1b000-7f8e7bc1d000 rw-p 00010000 08:07 4592941                    /opt/MATLAB_R2012a/bin/glnxa64/libmwmlib.so
7f8e7bc1d000-7f8e7bc1e000 rw-p 00000000 00:00 0 
7f8e7bc1e000-7f8e7bc47000 r-xp 00000000 08:07 4597346                    /opt/MATLAB_R2012a/bin/glnxa64/libmwmathrng.so
7f8e7bc47000-7f8e7be46000 ---p 00029000 08:07 4597346                    /opt/MATLAB_R2012a/bin/glnxa64/libmwmathrng.so
7f8e7be46000-7f8e7be48000 rw-p 00028000 08:07 4597346                    /opt/MATLAB_R2012a/bin/glnxa64/libmwmathrng.so
7f8e7be48000-7f8e7be4a000 rw-p 00000000 00:00 0 
7f8e7be4a000-7f8e7beff000 r-xp 00000000 08:07 4592928                    /opt/MATLAB_R2012a/bin/glnxa64/libmwmathutil.so
7f8e7beff000-7f8e7c0fe000 ---p 000b5000 08:07 4592928                    /opt/MATLAB_R2012a/bin/glnxa64/libmwmathutil.so
7f8e7c0fe000-7f8e7c0ff000 rw-p 000b4000 08:07 4592928                    /opt/MATLAB_R2012a/bin/glnxa64/libmwmathutil.so
7f8e7c0ff000-7f8e7c13b000 r-xp 00000000 08:07 4592970                    /opt/MATLAB_R2012a/bin/glnxa64/libmwprofiler.so
7f8e7c13b000-7f8e7c33a000 ---p 0003c000 08:07 4592970                    /opt/MATLAB_R2012a/bin/glnxa64/libmwprofiler.so
7f8e7c33a000-7f8e7c33d000 rw-p 0003b000 08:07 4592970                    /opt/MATLAB_R2012a/bin/glnxa64/libmwprofiler.so
7f8e7c33d000-7f8e7c33e000 rw-p 00000000 00:00 0 
7f8e7c33e000-7f8e7c388000 r-xp 00000000 08:07 4592750                    /opt/MATLAB_R2012a/bin/glnxa64/libmat.so
7f8e7c388000-7f8e7c588000 ---p 0004a000 08:07 4592750                    /opt/MATLAB_R2012a/bin/glnxa64/libmat.so
7f8e7c588000-7f8e7c58c000 rw-p 0004a000 08:07 4592750                    /opt/MATLAB_R2012a/bin/glnxa64/libmat.so
7f8e7c58c000-7f8e7c944000 r-xp 00000000 08:07 4593124                    /opt/MATLAB_R2012a/bin/glnxa64/libxerces-c.so.27.0
7f8e7c944000-7f8e7cb43000 ---p 003b8000 08:07 4593124                    /opt/MATLAB_R2012a/bin/glnxa64/libxerces-c.so.27.0
7f8e7cb43000-7f8e7cb87000 rw-p 003b7000 08:07 4593124                    /opt/MATLAB_R2012a/bin/glnxa64/libxerces-c.so.27.0
7f8e7cb87000-7f8e7cb89000 rw-p 00000000 00:00 0 
7f8e7cb89000-7f8e7cbfb000 r-xp 00000000 08:07 4593042                    /opt/MATLAB_R2012a/bin/glnxa64/libmwxmlcore.so
7f8e7cbfb000-7f8e7cdfa000 ---p 00072000 08:07 4593042                    /opt/MATLAB_R2012a/bin/glnxa64/libmwxmlcore.so
7f8e7cdfa000-7f8e7ce02000 rw-p 00071000 08:07 4593042                    /opt/MATLAB_R2012a/bin/glnxa64/libmwxmlcore.so
7f8e7ce02000-7f8e7ce03000 rw-p 00000000 00:00 0 
7f8e7ce03000-7f8e7ce18000 r-xp 00000000 08:07 4592655                    /opt/MATLAB_R2012a/bin/glnxa64/libboost_iostreams.so.1.44.0
7f8e7ce18000-7f8e7d018000 ---p 00015000 08:07 4592655                    /opt/MATLAB_R2012a/bin/glnxa64/libboost_iostreams.so.1.44.0
7f8e7d018000-7f8e7d01a000 rw-p 00015000 08:07 4592655                    /opt/MATLAB_R2012a/bin/glnxa64/libboost_iostreams.so.1.44.0
7f8e7d01a000-7f8e7d01b000 rw-p 00000000 00:00 0 
7f8e7d01b000-7f8e7d191000 r-xp 00000000 08:07 4597368                    /opt/MATLAB_R2012a/bin/glnxa64/libmwuix.so
7f8e7d191000-7f8e7d391000 ---p 00176000 08:07 4597368                    /opt/MATLAB_R2012a/bin/glnxa64/libmwuix.so
7f8e7d391000-7f8e7d3a6000 rw-p 00176000 08:07 4597368                    /opt/MATLAB_R2012a/bin/glnxa64/libmwuix.so
7f8e7d3a6000-7f8e7d3ab000 rw-p 00000000 00:00 0 
7f8e7d3ab000-7f8e7d40b000 r-xp 00000000 08:07 4597338                    /opt/MATLAB_R2012a/bin/glnxa64/libmwm_ir.so
7f8e7d40b000-7f8e7d60a000 ---p 00060000 08:07 4597338                    /opt/MATLAB_R2012a/bin/glnxa64/libmwm_ir.so
7f8e7d60a000-7f8e7d613000 rw-p 0005f000 08:07 4597338                    /opt/MATLAB_R2012a/bin/glnxa64/libmwm_ir.so
7f8e7d613000-7f8e7d618000 r-xp 00000000 08:07 4597367                    /opt/MATLAB_R2012a/bin/glnxa64/libmwuinone.so
7f8e7d618000-7f8e7d818000 ---p 00005000 08:07 4597367                    /opt/MATLAB_R2012a/bin/glnxa64/libmwuinone.so
7f8e7d818000-7f8e7d819000 rw-p 00005000 08:07 4597367                    /opt/MATLAB_R2012a/bin/glnxa64/libmwuinone.so
7f8e7d819000-7f8e7d81a000 rw-p 00000000 00:00 0 
7f8e7d81a000-7f8e7d8c3000 r-xp 00000000 08:07 4597366                    /opt/MATLAB_R2012a/bin/glnxa64/libmwudd_mi.so
7f8e7d8c3000-7f8e7dac3000 ---p 000a9000 08:07 4597366                    /opt/MATLAB_R2012a/bin/glnxa64/libmwudd_mi.so
7f8e7dac3000-7f8e7dacf000 rw-p 000a9000 08:07 4597366                    /opt/MATLAB_R2012a/bin/glnxa64/libmwudd_mi.so
7f8e7dacf000-7f8e7dad0000 rw-p 00000000 00:00 0 
7f8e7dad0000-7f8e7db15000 r-xp 00000000 08:07 4593121                    /opt/MATLAB_R2012a/bin/glnxa64/libuij.so
7f8e7db15000-7f8e7dd15000 ---p 00045000 08:07 4593121                    /opt/MATLAB_R2012a/bin/glnxa64/libuij.so
7f8e7dd15000-7f8e7dd18000 rw-p 00045000 08:07 4593121                    /opt/MATLAB_R2012a/bin/glnxa64/libuij.so
7f8e7dd18000-7f8e7de31000 r-xp 00000000 08:07 4592895                    /opt/MATLAB_R2012a/bin/glnxa64/libmwhgutils.so
7f8e7de31000-7f8e7e030000 ---p 00119000 08:07 4592895                    /opt/MATLAB_R2012a/bin/glnxa64/libmwhgutils.so
7f8e7e030000-7f8e7e046000 rw-p 00118000 08:07 4592895                    /opt/MATLAB_R2012a/bin/glnxa64/libmwhgutils.so
7f8e7e046000-7f8e7e047000 rw-p 00000000 00:00 0 
7f8e7e047000-7f8e7eda6000 r-xp 00000000 08:07 4592891                    /opt/MATLAB_R2012a/bin/glnxa64/libmwhg.so
7f8e7eda6000-7f8e7efa5000 ---p 00d5f000 08:07 4592891                    /opt/MATLAB_R2012a/bin/glnxa64/libmwhg.so
7f8e7efa5000-7f8e7f0bb000 rw-p 00d5e000 08:07 4592891                    /opt/MATLAB_R2012a/bin/glnxa64/libmwhg.so
7f8e7f0bb000-7f8e7f0c8000 rw-p 00000000 00:00 0 
7f8e7f0c8000-7f8e7f1da000 r-xp 00000000 08:07 4597325                    /opt/MATLAB_R2012a/bin/glnxa64/libmwgui.so
7f8e7f1da000-7f8e7f3d9000 ---p 00112000 08:07 4597325                    /opt/MATLAB_R2012a/bin/glnxa64/libmwgui.so
7f8e7f3d9000-7f8e7f415000 rw-p 00111000 08:07 4597325                    /opt/MATLAB_R2012a/bin/glnxa64/libmwgui.so
7f8e7f415000-7f8e7f416000 rw-p 00000000 00:00 0 
7f8e7f416000-7f8e7f685000 r-xp 00000000 08:07 4592935                    /opt/MATLAB_R2012a/bin/glnxa64/libmwmcos.so
7f8e7f685000-7f8e7f885000 ---p 0026f000 08:07 4592935                    /opt/MATLAB_R2012a/bin/glnxa64/libmwmcos.so
7f8e7f885000-7f8e7f8af000 rw-p 0026f000 08:07 4592935                    /opt/MATLAB_R2012a/bin/glnxa64/libmwmcos.so
7f8e7f8af000-7f8e7f8b0000 rw-p 00000000 00:00 0 
7f8e7f8b0000-7f8e7f8b7000 r-xp 00000000 08:07 4592952                    /opt/MATLAB_R2012a/bin/glnxa64/libmwmtok.so
7f8e7f8b7000-7f8e7fab7000 ---p 00007000 08:07 4592952                    /opt/MATLAB_R2012a/bin/glnxa64/libmwmtok.so
7f8e7fab7000-7f8e7fab8000 rw-p 00007000 08:07 4592952                    /opt/MATLAB_R2012a/bin/glnxa64/libmwmtok.so
7f8e7fab8000-7f8e7fb3d000 r-xp 00000000 08:07 4597353                    /opt/MATLAB_R2012a/bin/glnxa64/libmwmlint.so
7f8e7fb3d000-7f8e7fd3c000 ---p 00085000 08:07 4597353                    /opt/MATLAB_R2012a/bin/glnxa64/libmwmlint.so
7f8e7fd3c000-7f8e7fd44000 rw-p 00084000 08:07 4597353                    /opt/MATLAB_R2012a/bin/glnxa64/libmwmlint.so
7f8e7fd44000-7f8e7fd46000 rw-p 00000000 00:00 0 
7f8e7fd46000-7f8e7fe2a000 r-xp 00000000 08:07 4593035                    /opt/MATLAB_R2012a/bin/glnxa64/libmwudd.so
7f8e7fe2a000-7f8e8002a000 ---p 000e4000 08:07 4593035                    /opt/MATLAB_R2012a/bin/glnxa64/libmwudd.so
7f8e8002a000-7f8e80041000 rw-p 000e4000 08:07 4593035                    /opt/MATLAB_R2012a/bin/glnxa64/libmwudd.so
7f8e80041000-7f8e80044000 rw-p 00000000 00:00 0 
7f8e80044000-7f8e802b0000 r-xp 00000000 08:07 4597339                    /opt/MATLAB_R2012a/bin/glnxa64/libmwm_parser.so
7f8e802b0000-7f8e804b0000 ---p 0026c000 08:07 4597339                    /opt/MATLAB_R2012a/bin/glnxa64/libmwm_parser.so
7f8e804b0000-7f8e80952000 rw-p 0026c000 08:07 4597339                    /opt/MATLAB_R2012a/bin/glnxa64/libmwm_parser.so
7f8e80952000-7f8e80972000 r-xp 00000000 08:07 4597309                    /opt/MATLAB_R2012a/bin/glnxa64/libmex.so
7f8e80972000-7f8e80b72000 ---p 00020000 08:07 4597309                    /opt/MATLAB_R2012a/bin/glnxa64/libmex.so
7f8e80b72000-7f8e80b74000 rw-p 00020000 08:07 4597309                    /opt/MATLAB_R2012a/bin/glnxa64/libmex.so
7f8e80b74000-7f8e80b75000 rw-p 00000000 00:00 0 
7f8e80b75000-7f8e80b76000 r-xp 00000000 08:07 4592957                    /opt/MATLAB_R2012a/bin/glnxa64/libmwnativejava_services.so
7f8e80b76000-7f8e80d76000 ---p 00001000 08:07 4592957                    /opt/MATLAB_R2012a/bin/glnxa64/libmwnativejava_services.so
7f8e80d76000-7f8e80d77000 rw-p 00001000 08:07 4592957                    /opt/MATLAB_R2012a/bin/glnxa64/libmwnativejava_services.so
7f8e80d77000-7f8e810c4000 r-xp 00000000 08:07 4592902                    /opt/MATLAB_R2012a/bin/glnxa64/libmwiqm.so
7f8e810c4000-7f8e812c3000 ---p 0034d000 08:07 4592902                    /opt/MATLAB_R2012a/bin/glnxa64/libmwiqm.so
7f8e812c3000-7f8e812e9000 rw-p 0034c000 08:07 4592902                    /opt/MATLAB_R2012a/bin/glnxa64/libmwiqm.so
7f8e812e9000-7f8e812f0000 rw-p 00000000 00:00 0 
7f8e812f0000-7f8e8135f000 r-xp 00000000 08:07 4597296                    /opt/MATLAB_R2012a/bin/glnxa64/libboost_serialization.so.1.44.0
7f8e8135f000-7f8e8155f000 ---p 0006f000 08:07 4597296                    /opt/MATLAB_R2012a/bin/glnxa64/libboost_serialization.so.1.44.0
7f8e8155f000-7f8e81563000 rw-p 0006f000 08:07 4597296                    /opt/MATLAB_R2012a/bin/glnxa64/libboost_serialization.so.1.44.0
7f8e81563000-7f8e81576000 r-xp 00000000 08:07 4597311                    /opt/MATLAB_R2012a/bin/glnxa64/libmwMATLAB_settings_res.so
7f8e81576000-7f8e81775000 ---p 00013000 08:07 4597311                    /opt/MATLAB_R2012a/bin/glnxa64/libmwMATLAB_settings_res.so
7f8e81775000-7f8e81776000 rw-p 00012000 08:07 4597311                    /opt/MATLAB_R2012a/bin/glnxa64/libmwMATLAB_settings_res.so
7f8e81776000-7f8e81777000 rw-p 00000000 00:00 0 
7f8e81777000-7f8e81788000 r-xp 00000000 08:07 4592939                    /opt/MATLAB_R2012a/bin/glnxa64/libmwmfl_scalar.so
7f8e81788000-7f8e81987000 ---p 00011000 08:07 4592939                    /opt/MATLAB_R2012a/bin/glnxa64/libmwmfl_scalar.so
7f8e81987000-7f8e81988000 rw-p 00010000 08:07 4592939                    /opt/MATLAB_R2012a/bin/glnxa64/libmwmfl_scalar.so
7f8e81988000-7f8e81e0e000 r-xp 00000000 08:07 4597354                    /opt/MATLAB_R2012a/bin/glnxa64/libmwmlutil.so
7f8e81e0e000-7f8e8200d000 ---p 00486000 08:07 4597354                    /opt/MATLAB_R2012a/bin/glnxa64/libmwmlutil.so
7f8e8200d000-7f8e8203a000 rw-p 00485000 08:07 4597354                    /opt/MATLAB_R2012a/bin/glnxa64/libmwmlutil.so
7f8e8203a000-7f8e82048000 rw-p 00000000 00:00 0 
7f8e82048000-7f8e8205b000 r-xp 00000000 08:07 4597297                    /opt/MATLAB_R2012a/bin/glnxa64/libboost_signals.so.1.44.0
7f8e8205b000-7f8e8225a000 ---p 00013000 08:07 4597297                    /opt/MATLAB_R2012a/bin/glnxa64/libboost_signals.so.1.44.0
7f8e8225a000-7f8e8225b000 rw-p 00012000 08:07 4597297                    /opt/MATLAB_R2012a/bin/glnxa64/libboost_signals.so.1.44.0
7f8e8225b000-7f8e82361000 r-xp 00000000 08:07 4592663                    /opt/MATLAB_R2012a/bin/glnxa64/libboost_regex.so.1.44.0
7f8e82361000-7f8e82561000 ---p 00106000 08:07 4592663                    /opt/MATLAB_R2012a/bin/glnxa64/libboost_regex.so.1.44.0
7f8e82561000-7f8e82568000 rw-p 00106000 08:07 4592663                    /opt/MATLAB_R2012a/bin/glnxa64/libboost_regex.so.1.44.0
7f8e82568000-7f8e82589000 r-xp 00000000 08:07 4597293                    /opt/MATLAB_R2012a/bin/glnxa64/libboost_filesystem.so.1.44.0
7f8e82589000-7f8e82788000 ---p 00021000 08:07 4597293                    /opt/MATLAB_R2012a/bin/glnxa64/libboost_filesystem.so.1.44.0
7f8e82788000-7f8e8278a000 rw-p 00020000 08:07 4597293                    /opt/MATLAB_R2012a/bin/glnxa64/libboost_filesystem.so.1.44.0
7f8e8278a000-7f8e8278b000 rw-p 00000000 00:00 0 
7f8e8278b000-7f8e82a7b000 r-xp 00000000 08:07 4592770                    /opt/MATLAB_R2012a/bin/glnxa64/libmwMATLAB_res.so
7f8e82a7b000-7f8e82c7a000 ---p 002f0000 08:07 4592770                    /opt/MATLAB_R2012a/bin/glnxa64/libmwMATLAB_res.so
7f8e82c7a000-7f8e82c7c000 rw-p 002ef000 08:07 4592770                    /opt/MATLAB_R2012a/bin/glnxa64/libmwMATLAB_res.so
7f8e82c7c000-7f8e82c87000 rw-p 00000000 00:00 0 
7f8e82c87000-7f8e82c89000 r-xp 00000000 08:07 4592972                    /opt/MATLAB_R2012a/bin/glnxa64/libmwresource_core.so
7f8e82c89000-7f8e82e88000 ---p 00002000 08:07 4592972                    /opt/MATLAB_R2012a/bin/glnxa64/libmwresource_core.so
7f8e82e88000-7f8e82e89000 rw-p 00001000 08:07 4592972                    /opt/MATLAB_R2012a/bin/glnxa64/libmwresource_core.so
7f8e82e89000-7f8e82e8a000 rw-p 00000000 00:00 0 
7f8e82e8a000-7f8e82ea4000 r-xp 00000000 08:07 4597379                    /opt/MATLAB_R2012a/bin/glnxa64/libtbbmalloc.so.2
7f8e82ea4000-7f8e82fa3000 ---p 0001a000 08:07 4597379                    /opt/MATLAB_R2012a/bin/glnxa64/libtbbmalloc.so.2
7f8e82fa3000-7f8e82fa6000 rw-p 00019000 08:07 4597379                    /opt/MATLAB_R2012a/bin/glnxa64/libtbbmalloc.so.2
7f8e82fa6000-7f8e82fb3000 rw-p 00000000 00:00 0 
7f8e82fb3000-7f8e82fed000 r-xp 00000000 08:07 4593117                    /opt/MATLAB_R2012a/bin/glnxa64/libtbb.so.2
7f8e82fed000-7f8e830ed000 ---p 0003a000 08:07 4593117                    /opt/MATLAB_R2012a/bin/glnxa64/libtbb.so.2
7f8e830ed000-7f8e830f1000 rw-p 0003a000 08:07 4593117                    /opt/MATLAB_R2012a/bin/glnxa64/libtbb.so.2
7f8e830f1000-7f8e830f2000 rw-p 00000000 00:00 0 
7f8e830f2000-7f8e830fd000 r-xp 00000000 08:07 4592709                    /opt/MATLAB_R2012a/bin/glnxa64/libicuio.so.44.2
7f8e830fd000-7f8e832fd000 ---p 0000b000 08:07 4592709                    /opt/MATLAB_R2012a/bin/glnxa64/libicuio.so.44.2
7f8e832fd000-7f8e832ff000 rw-p 0000b000 08:07 4592709                    /opt/MATLAB_R2012a/bin/glnxa64/libicuio.so.44.2
7f8e832ff000-7f8e83300000 rw-p 00000000 00:00 0 
7f8e83300000-7f8e834f2000 r-xp 00000000 08:07 4592707                    /opt/MATLAB_R2012a/bin/glnxa64/libicui18n.so.44.2
7f8e834f2000-7f8e836f1000 ---p 001f2000 08:07 4592707                    /opt/MATLAB_R2012a/bin/glnxa64/libicui18n.so.44.2
7f8e836f1000-7f8e836fd000 rw-p 001f1000 08:07 4592707                    /opt/MATLAB_R2012a/bin/glnxa64/libicui18n.so.44.2
7f8e836fd000-7f8e8384e000 r-xp 00000000 08:07 4592711                    /opt/MATLAB_R2012a/bin/glnxa64/libicuuc.so.44.2
7f8e8384e000-7f8e83a4e000 ---p 00151000 08:07 4592711                    /opt/MATLAB_R2012a/bin/glnxa64/libicuuc.so.44.2
7f8e83a4e000-7f8e83a5e000 rw-p 00151000 08:07 4592711                    /opt/MATLAB_R2012a/bin/glnxa64/libicuuc.so.44.2
7f8e83a5e000-7f8e83a61000 rw-p 00000000 00:00 0 
7f8e83a61000-7f8e848a1000 r--p 00000000 08:07 4592705                    /opt/MATLAB_R2012a/bin/glnxa64/libicudata.so.44.2
7f8e848a1000-7f8e84aa0000 ---p 00e40000 08:07 4592705                    /opt/MATLAB_R2012a/bin/glnxa64/libicudata.so.44.2
7f8e84aa0000-7f8e84aa1000 rw-p 00e3f000 08:07 4592705                    /opt/MATLAB_R2012a/bin/glnxa64/libicudata.so.44.2
7f8e84aa1000-7f8e84aa2000 rw-p 00000000 00:00 0 
7f8e84aa2000-7f8e84ac8000 r-xp 00000000 08:07 4592691                    /opt/MATLAB_R2012a/bin/glnxa64/libexpat.so.1.5.0
7f8e84ac8000-7f8e84cc7000 ---p 00026000 08:07 4592691                    /opt/MATLAB_R2012a/bin/glnxa64/libexpat.so.1.5.0
7f8e84cc7000-7f8e84cca000 rw-p 00025000 08:07 4592691                    /opt/MATLAB_R2012a/bin/glnxa64/libexpat.so.1.5.0
7f8e84cca000-7f8e84ce0000 r-xp 00000000 08:07 4597299                    /opt/MATLAB_R2012a/bin/glnxa64/libboost_thread.so.1.44.0
7f8e84ce0000-7f8e84edf000 ---p 00016000 08:07 4597299                    /opt/MATLAB_R2012a/bin/glnxa64/libboost_thread.so.1.44.0
7f8e84edf000-7f8e84ee1000 rw-p 00015000 08:07 4597299                    /opt/MATLAB_R2012a/bin/glnxa64/libboost_thread.so.1.44.0
7f8e84ee1000-7f8e84ee3000 r-xp 00000000 08:07 4597298                    /opt/MATLAB_R2012a/bin/glnxa64/libboost_system.so.1.44.0
7f8e84ee3000-7f8e850e3000 ---p 00002000 08:07 4597298                    /opt/MATLAB_R2012a/bin/glnxa64/libboost_system.so.1.44.0
7f8e850e3000-7f8e850e4000 rw-p 00002000 08:07 4597298                    /opt/MATLAB_R2012a/bin/glnxa64/libboost_system.so.1.44.0
7f8e850e4000-7f8e850e5000 rw-p 00000000 00:00 0 
7f8e850e5000-7f8e850f6000 r-xp 00000000 08:07 4592652                    /opt/MATLAB_R2012a/bin/glnxa64/libboost_date_time.so.1.44.0
7f8e850f6000-7f8e852f5000 ---p 00011000 08:07 4592652                    /opt/MATLAB_R2012a/bin/glnxa64/libboost_date_time.so.1.44.0
7f8e852f5000-7f8e852f7000 rw-p 00010000 08:07 4592652                    /opt/MATLAB_R2012a/bin/glnxa64/libboost_date_time.so.1.44.0
7f8e852f7000-7f8e852f8000 rw-p 00000000 00:00 0 
7f8e852f8000-7f8e8530e000 r-xp 00000000 08:07 4592693                    /opt/MATLAB_R2012a/bin/glnxa64/libgcc_s.so.1
7f8e8530e000-7f8e8550d000 ---p 00016000 08:07 4592693                    /opt/MATLAB_R2012a/bin/glnxa64/libgcc_s.so.1
7f8e8550d000-7f8e8550e000 rw-p 00015000 08:07 4592693                    /opt/MATLAB_R2012a/bin/glnxa64/libgcc_s.so.1
7f8e8550e000-7f8e8550f000 rw-p 00000000 00:00 0 
7f8e85520000-7f8e85528000 rw-s 00000000 08:03 128636                     /tmp/hsperfdata_mbaxpac2/21201
7f8e85528000-7f8e85529000 rw-p 00000000 00:00 0 
7f8e85529000-7f8e8552a000 r--p 00000000 00:00 0 
7f8e8552a000-7f8e8552b000 r--p 00000000 08:07 8651440                    /usr/share/locale/en_GB/LC_MESSAGES/libc.mo
7f8e8552b000-7f8e85532000 r--s 00000000 08:07 8916954                    /usr/lib64/gconv/gconv-modules.cache
7f8e85532000-7f8e85623000 r-xp 00000000 08:07 4593106                    /opt/MATLAB_R2012a/bin/glnxa64/libstdc++.so.6.0.13
7f8e85623000-7f8e85823000 ---p 000f1000 08:07 4593106                    /opt/MATLAB_R2012a/bin/glnxa64/libstdc++.so.6.0.13
7f8e85823000-7f8e8582a000 r--p 000f1000 08:07 4593106                    /opt/MATLAB_R2012a/bin/glnxa64/libstdc++.so.6.0.13
7f8e8582a000-7f8e8582c000 rw-p 000f8000 08:07 4593106                    /opt/MATLAB_R2012a/bin/glnxa64/libstdc++.so.6.0.13
7f8e8582c000-7f8e85841000 rw-p 00000000 00:00 0 
7f8e85841000-7f8e858d0000 r-xp 00000000 08:07 4597331                    /opt/MATLAB_R2012a/bin/glnxa64/libmwi18n.so
7f8e858d0000-7f8e85acf000 ---p 0008f000 08:07 4597331                    /opt/MATLAB_R2012a/bin/glnxa64/libmwi18n.so
7f8e85acf000-7f8e85ad5000 rw-p 0008e000 08:07 4597331                    /opt/MATLAB_R2012a/bin/glnxa64/libmwi18n.so
7f8e85ad5000-7f8e85ad6000 rw-p 00000000 00:00 0 
7f8e85ad6000-7f8e8600a000 r-xp 00000000 08:07 4597337                    /opt/MATLAB_R2012a/bin/glnxa64/libmwm_interpreter.so
7f8e8600a000-7f8e86209000 ---p 00534000 08:07 4597337                    /opt/MATLAB_R2012a/bin/glnxa64/libmwm_interpreter.so
7f8e86209000-7f8e862e6000 rw-p 00533000 08:07 4597337                    /opt/MATLAB_R2012a/bin/glnxa64/libmwm_interpreter.so
7f8e862e6000-7f8e86380000 rw-p 00000000 00:00 0 
7f8e86380000-7f8e86415000 r-xp 00000000 08:07 4592911                    /opt/MATLAB_R2012a/bin/glnxa64/libmwm_dispatcher.so
7f8e86415000-7f8e86614000 ---p 00095000 08:07 4592911                    /opt/MATLAB_R2012a/bin/glnxa64/libmwm_dispatcher.so
7f8e86614000-7f8e8661b000 rw-p 00094000 08:07 4592911                    /opt/MATLAB_R2012a/bin/glnxa64/libmwm_dispatcher.so
7f8e8661b000-7f8e86785000 r-xp 00000000 08:07 4592937                    /opt/MATLAB_R2012a/bin/glnxa64/libmwmcr.so
7f8e86785000-7f8e86985000 ---p 0016a000 08:07 4592937                    /opt/MATLAB_R2012a/bin/glnxa64/libmwmcr.so
7f8e86985000-7f8e86997000 rw-p 0016a000 08:07 4592937                    /opt/MATLAB_R2012a/bin/glnxa64/libmwmcr.so
7f8e86997000-7f8e8699b000 rw-p 00000000 00:00 0 
7f8e8699b000-7f8e869cd000 r-xp 00000000 08:07 4592801                    /opt/MATLAB_R2012a/bin/glnxa64/libmwbridge.so
7f8e869cd000-7f8e86bcd000 ---p 00032000 08:07 4592801                    /opt/MATLAB_R2012a/bin/glnxa64/libmwbridge.so
7f8e86bcd000-7f8e86bd0000 rw-p 00032000 08:07 4592801                    /opt/MATLAB_R2012a/bin/glnxa64/libmwbridge.so
7f8e86bd0000-7f8e86bd6000 rw-p 00000000 00:00 0 
7f8e86bd6000-7f8e86c76000 r-xp 00000000 08:07 4597334                    /opt/MATLAB_R2012a/bin/glnxa64/libmwjmi.so
7f8e86c76000-7f8e86e75000 ---p 000a0000 08:07 4597334                    /opt/MATLAB_R2012a/bin/glnxa64/libmwjmi.so
7f8e86e75000-7f8e86e7d000 rw-p 0009f000 08:07 4597334                    /opt/MATLAB_R2012a/bin/glnxa64/libmwjmi.so
7f8e86e7d000-7f8e86e7e000 rw-p 00000000 00:00 0 
7f8e86e7e000-7f8e870ec000 r-xp 00000000 08:07 4592987                    /opt/MATLAB_R2012a/bin/glnxa64/libmwservices.so
7f8e870ec000-7f8e872eb000 ---p 0026e000 08:07 4592987                    /opt/MATLAB_R2012a/bin/glnxa64/libmwservices.so
7f8e872eb000-7f8e87302000 rw-p 0026d000 08:07 4592987                    /opt/MATLAB_R2012a/bin/glnxa64/libmwservices.so
7f8e87302000-7f8e87311000 rw-p 00000000 00:00 0 
7f8e87311000-7f8e8734e000 r-xp 00000000 08:07 4592948                    /opt/MATLAB_R2012a/bin/glnxa64/libmwmpath.so
7f8e8734e000-7f8e8754e000 ---p 0003d000 08:07 4592948                    /opt/MATLAB_R2012a/bin/glnxa64/libmwmpath.so
7f8e8754e000-7f8e87551000 rw-p 0003d000 08:07 4592948                    /opt/MATLAB_R2012a/bin/glnxa64/libmwmpath.so
7f8e87551000-7f8e87554000 rw-p 00000000 00:00 0 
7f8e87554000-7f8e8760a000 r-xp 00000000 08:07 4593045                    /opt/MATLAB_R2012a/bin/glnxa64/libmx.so
7f8e8760a000-7f8e87809000 ---p 000b6000 08:07 4593045                    /opt/MATLAB_R2012a/bin/glnxa64/libmx.so
7f8e87809000-7f8e8780e000 rw-p 000b5000 08:07 4593045                    /opt/MATLAB_R2012a/bin/glnxa64/libmx.so
7f8e8780e000-7f8e878ec000 r-xp 00000000 08:07 4592865                    /opt/MATLAB_R2012a/bin/glnxa64/libmwfl.so
7f8e878ec000-7f8e87aeb000 ---p 000de000 08:07 4592865                    /opt/MATLAB_R2012a/bin/glnxa64/libmwfl.so
7f8e87aeb000-7f8e87af5000 rw-p 000dd000 08:07 4592865                    /opt/MATLAB_R2012a/bin/glnxa64/libmwfl.so
7f8e87af5000-7f8e87b06000 rw-p 00000000 00:00 0 
7f8e87b06000-7f8e87bdc000 r-xp 00000000 08:07 4597381                    /opt/MATLAB_R2012a/bin/glnxa64/libut.so
7f8e87bdc000-7f8e87ddc000 ---p 000d6000 08:07 4597381                    /opt/MATLAB_R2012a/bin/glnxa64/libut.so
7f8e87ddc000-7f8e87de8000 rw-p 000d6000 08:07 4597381                    /opt/MATLAB_R2012a/bin/glnxa64/libut.so
7f8e87de8000-7f8e87dfb000 rw-p 00000000 00:00 0 
7fffaeb7b000-7fffaeb90000 rwxp 00000000 00:00 0                          [stack]
7fffaeb90000-7fffaeb93000 rw-p 00000000 00:00 0 
7fffaebff000-7fffaec00000 r-xp 00000000 00:00 0                          [vdso]
ffffffffff600000-ffffffffff601000 r-xp 00000000 00:00 0                  [vsyscall]

VM Arguments:
jvm_args: -Xms64m -XX:NewRatio=3 -XX:MaxPermSize=128m -Xmx196m -XX:MaxDirectMemorySize=2147400000 -XX:+AllowUserSignalHandlers -Xrs -Dsun.awt.disableMixing=true -Djava.library.path=/opt/MATLAB_R2012a/bin/glnxa64 vfprintf abort -Duser.language=en -Duser.country=GB -Dfile.encoding=UTF-8 
java_command: <unknown>
Launcher Type: generic

Environment Variables:
PATH=/usr/lib64/qt-3.3/bin:/usr/local/bin:/bin:/usr/bin:/usr/local/sbin:/usr/sbin:/sbin:/opt/go/bin:/opt/morphy/bin:/opt/novell/iprint/bin:/opt/paraview/ParaView-4.0.1-Linux-64bit/bin:/opt/teaching/bin:/opt/scripts:/opt/common/bin:/usr/games:.
LD_LIBRARY_PATH=/opt/MATLAB_R2012a/sys/os/glnxa64:/opt/MATLAB_R2012a/bin/glnxa64:/opt/MATLAB_R2012a/extern/lib/glnxa64:/opt/MATLAB_R2012a/runtime/glnxa64:/opt/MATLAB_R2012a/sys/java/jre/glnxa64/jre/lib/amd64/native_threads:/opt/MATLAB_R2012a/sys/java/jre/glnxa64/jre/lib/amd64/server:/opt/MATLAB_R2012a/sys/java/jre/glnxa64/jre/lib/amd64
SHELL=/bin/bash
DISPLAY=localhost:18.0
ARCH=glnxa64
OS=Linux

Signal Handlers:
SIGSEGV: [libjvm.so+0x6bddc0], sa_mask[0]=0x7ffbfeff, sa_flags=0x10000004
SIGBUS: [libjvm.so+0x6bddc0], sa_mask[0]=0x7ffbfeff, sa_flags=0x10000004
SIGFPE: [libjvm.so+0x594f90], sa_mask[0]=0x7ffbfeff, sa_flags=0x10000004
SIGPIPE: [libjvm.so+0x594f90], sa_mask[0]=0x7ffbfeff, sa_flags=0x10000004
SIGXFSZ: [libjvm.so+0x594f90], sa_mask[0]=0x7ffbfeff, sa_flags=0x10000004
SIGILL: [libjvm.so+0x594f90], sa_mask[0]=0x7ffbfeff, sa_flags=0x10000004
SIGUSR1: SIG_DFL, sa_mask[0]=0x00000000, sa_flags=0x00000000
SIGUSR2: [libjvm.so+0x597750], sa_mask[0]=0x08080002, sa_flags=0x10000004
SIGHUP: SIG_DFL, sa_mask[0]=0x00000000, sa_flags=0x00000000
SIGINT: SIG_DFL, sa_mask[0]=0x00000000, sa_flags=0x00000000
SIGTERM: SIG_DFL, sa_mask[0]=0x00000000, sa_flags=0x00000000
SIGQUIT: [libmwmcr.so+0x131430], sa_mask[0]=0x08080002, sa_flags=0x00000004


---------------  S Y S T E M  ---------------

OS:Scientific Linux release 6.2 (Carbon)

uname:Linux 2.6.32-358.18.1.el6.x86_64 #1 SMP Tue Aug 27 14:23:09 CDT 2013 x86_64
libc:glibc 2.12 NPTL 2.12 
rlimit: STACK 10240k, CORE 0k, NPROC 1024, NOFILE 16384, AS infinity
load average:1.01 1.07 1.07

CPU:total 12 

Memory: 4k page, physical 65923316k(29153260k free), swap 68157432k(68157432k free)

vm_info: Java HotSpot(TM) 64-Bit Server VM (14.3-b01) for linux-amd64 JRE (1.6.0_17-b04), built on Oct 11 2009 01:08:48 by "java_re" with gcc 3.2.2 (SuSE Linux)

time: Sun Nov 23 02:52:48 2014
elapsed time: 0 seconds

